<?xml version="1.0" encoding="utf-8"?>
<CoverageSession xmlns:xsd="http://www.w3.org/2001/XMLSchema" xmlns:xsi="http://www.w3.org/2001/XMLSchema-instance" Version="0.0.0.0">
  <Summary numSequencePoints="270" visitedSequencePoints="248" numBranchPoints="0" visitedBranchPoints="0" sequenceCoverage="91.85" branchCoverage="0.0" maxCyclomaticComplexity="0" minCyclomaticComplexity="0" maxCrapScore="0" minCrapScore="0" visitedClasses="16" numClasses="17" visitedMethods="64" numMethods="68" />
  <Modules>
    <Module>
      <Summary numSequencePoints="114" visitedSequencePoints="92" numBranchPoints="0" visitedBranchPoints="0" sequenceCoverage="80.70" branchCoverage="0.0" maxCyclomaticComplexity="0" minCyclomaticComplexity="0" maxCrapScore="0" minCrapScore="0" visitedClasses="11" numClasses="12" visitedMethods="32" numMethods="36" />
      <ModuleTime>0001-01-01T00:00:00</ModuleTime>
      <ModuleName>Scripts</ModuleName>
      <Files>
        <File uid="1" fullPath="D:/University/4 Semestr/mapz/Lab4-6/MapzLabs/Assets/Scripts/Bullets/BulletDetection.cs" />
        <File uid="2" fullPath="D:/University/4 Semestr/mapz/Lab4-6/MapzLabs/Assets/Scripts/Bullets/BulletEffectAttribute.cs" />
        <File uid="3" fullPath="D:/University/4 Semestr/mapz/Lab4-6/MapzLabs/Assets/Scripts/Bullets/BulletMovement.cs" />
        <File uid="4" fullPath="D:/University/4 Semestr/mapz/Lab4-6/MapzLabs/Assets/Scripts/Bullets/BulletSpawner.cs" />
        <File uid="5" fullPath="D:/University/4 Semestr/mapz/Lab4-6/MapzLabs/Assets/Scripts/Bullets/BulletSystem.cs" />
        <File uid="6" fullPath="D:/University/4 Semestr/mapz/Lab4-6/MapzLabs/Assets/Scripts/CheckDeath.cs" />
        <File uid="7" fullPath="D:/University/4 Semestr/mapz/Lab4-6/MapzLabs/Assets/Scripts/Enemy/--EnemyDestroy.cs" />
        <File uid="8" fullPath="D:/University/4 Semestr/mapz/Lab4-6/MapzLabs/Assets/Scripts/Enemy/--EnemySpawner.cs" />
        <File uid="9" fullPath="D:/University/4 Semestr/mapz/Lab4-6/MapzLabs/Assets/Scripts/Enemy/EnemyBuilder.cs" />
        <File uid="10" fullPath="D:/University/4 Semestr/mapz/Lab4-6/MapzLabs/Assets/Scripts/Enemy/EnemyFactoryBase.cs" />
        <File uid="11" fullPath="D:/University/4 Semestr/mapz/Lab4-6/MapzLabs/Assets/Scripts/Enemy/EnemyLogic.cs" />
        <File uid="12" fullPath="D:/University/4 Semestr/mapz/Lab4-6/MapzLabs/Assets/Scripts/Enemy/EnemyStats.cs" />
        <File uid="13" fullPath="D:/University/4 Semestr/mapz/Lab4-6/MapzLabs/Assets/Scripts/Enemy/EnemyStrategy.cs" />
        <File uid="14" fullPath="D:/University/4 Semestr/mapz/Lab4-6/MapzLabs/Assets/Scripts/Enemy/PrefabProvider.cs" />
        <File uid="15" fullPath="D:/University/4 Semestr/mapz/Lab4-6/MapzLabs/Assets/Scripts/GameManager.cs" />
        <File uid="16" fullPath="D:/University/4 Semestr/mapz/Lab4-6/MapzLabs/Assets/Scripts/Observer/GameEventManager.cs" />
        <File uid="17" fullPath="D:/University/4 Semestr/mapz/Lab4-6/MapzLabs/Assets/Scripts/Observer/Observer.cs" />
        <File uid="18" fullPath="D:/University/4 Semestr/mapz/Lab4-6/MapzLabs/Assets/Scripts/Observer/Publisher.cs" />
        <File uid="19" fullPath="D:/University/4 Semestr/mapz/Lab4-6/MapzLabs/Assets/Scripts/Player Movement.cs" />
        <File uid="20" fullPath="D:/University/4 Semestr/mapz/Lab4-6/MapzLabs/Assets/Scripts/PlayerHealth.cs" />
        <File uid="21" fullPath="D:/University/4 Semestr/mapz/Lab4-6/MapzLabs/Assets/Scripts/PlayerShooting.cs" />
        <File uid="22" fullPath="D:/University/4 Semestr/mapz/Lab4-6/MapzLabs/Assets/Scripts/PlayerState.cs" />
        <File uid="23" fullPath="D:/University/4 Semestr/mapz/Lab4-6/MapzLabs/Assets/Scripts/PlayerStateManager.cs" />
        <File uid="24" fullPath="D:/University/4 Semestr/mapz/Lab4-6/MapzLabs/Assets/Scripts/UI/Billboard.cs" />
        <File uid="25" fullPath="D:/University/4 Semestr/mapz/Lab4-6/MapzLabs/Assets/Scripts/UI/HealthBar.cs" />
        <File uid="26" fullPath="D:/University/4 Semestr/mapz/Lab4-6/MapzLabs/Assets/Scripts/UI/UI_Buttons.cs" />
      </Files>
      <Classes>
        <Class>
          <Summary numSequencePoints="13" visitedSequencePoints="13" numBranchPoints="0" visitedBranchPoints="0" sequenceCoverage="100.0" branchCoverage="0.0" maxCyclomaticComplexity="0" minCyclomaticComplexity="0" maxCrapScore="0" minCrapScore="0" visitedClasses="1" numClasses="1" visitedMethods="5" numMethods="5" />
          <FullName>BulletEffectAttribute</FullName>
          <Methods>
            <Method visited="true" cyclomaticComplexity="0" nPathComplexity="0" sequenceCoverage="100.0" branchCoverage="0" crapScore="0" isConstructor="false" isStatic="false" isGetter="true" isSetter="false">
              <Summary numSequencePoints="1" visitedSequencePoints="1" numBranchPoints="0" visitedBranchPoints="0" sequenceCoverage="100.0" branchCoverage="0" maxCyclomaticComplexity="0" minCyclomaticComplexity="0" maxCrapScore="0" minCrapScore="0" visitedClasses="0" numClasses="0" visitedMethods="1" numMethods="1" />
              <MetadataToken>100663301</MetadataToken>
              <Name>BulletEffectType BulletEffectAttribute::get_EffectType()</Name>
              <FileRef uid="2" />
              <SequencePoints>
                <SequencePoint vc="4" uspid="843" ordinal="0" offset="0" sl="13" sc="42" el="13" ec="42" bec="0" bev="0" fileid="2" />
              </SequencePoints>
              <BranchPoints />
            </Method>
            <Method visited="true" cyclomaticComplexity="0" nPathComplexity="0" sequenceCoverage="100.0" branchCoverage="0" crapScore="0" isConstructor="false" isStatic="false" isGetter="true" isSetter="false">
              <Summary numSequencePoints="1" visitedSequencePoints="1" numBranchPoints="0" visitedBranchPoints="0" sequenceCoverage="100.0" branchCoverage="0" maxCyclomaticComplexity="0" minCyclomaticComplexity="0" maxCrapScore="0" minCrapScore="0" visitedClasses="0" numClasses="0" visitedMethods="1" numMethods="1" />
              <MetadataToken>100663302</MetadataToken>
              <Name>System.String BulletEffectAttribute::get_Description()</Name>
              <FileRef uid="2" />
              <SequencePoints>
                <SequencePoint vc="4" uspid="844" ordinal="0" offset="0" sl="14" sc="33" el="14" ec="33" bec="0" bev="0" fileid="2" />
              </SequencePoints>
              <BranchPoints />
            </Method>
            <Method visited="true" cyclomaticComplexity="0" nPathComplexity="0" sequenceCoverage="100.0" branchCoverage="0" crapScore="0" isConstructor="false" isStatic="false" isGetter="true" isSetter="false">
              <Summary numSequencePoints="1" visitedSequencePoints="1" numBranchPoints="0" visitedBranchPoints="0" sequenceCoverage="100.0" branchCoverage="0" maxCyclomaticComplexity="0" minCyclomaticComplexity="0" maxCrapScore="0" minCrapScore="0" visitedClasses="0" numClasses="0" visitedMethods="1" numMethods="1" />
              <MetadataToken>100663303</MetadataToken>
              <Name>System.Int32 BulletEffectAttribute::get_Priority()</Name>
              <FileRef uid="2" />
              <SequencePoints>
                <SequencePoint vc="3" uspid="845" ordinal="0" offset="0" sl="15" sc="27" el="15" ec="27" bec="0" bev="0" fileid="2" />
              </SequencePoints>
              <BranchPoints />
            </Method>
            <Method visited="true" cyclomaticComplexity="0" nPathComplexity="0" sequenceCoverage="100.0" branchCoverage="0" crapScore="0" isConstructor="false" isStatic="false" isGetter="false" isSetter="true">
              <Summary numSequencePoints="1" visitedSequencePoints="1" numBranchPoints="0" visitedBranchPoints="0" sequenceCoverage="100.0" branchCoverage="0" maxCyclomaticComplexity="0" minCyclomaticComplexity="0" maxCrapScore="0" minCrapScore="0" visitedClasses="0" numClasses="0" visitedMethods="1" numMethods="1" />
              <MetadataToken>100663304</MetadataToken>
              <Name>System.Void BulletEffectAttribute::set_Priority(System.Int32)</Name>
              <FileRef uid="2" />
              <SequencePoints>
                <SequencePoint vc="7" uspid="846" ordinal="0" offset="0" sl="15" sc="32" el="15" ec="32" bec="0" bev="0" fileid="2" />
              </SequencePoints>
              <BranchPoints />
            </Method>
            <Method visited="true" cyclomaticComplexity="0" nPathComplexity="0" sequenceCoverage="100.0" branchCoverage="0" crapScore="0" isConstructor="true" isStatic="false" isGetter="false" isSetter="false">
              <Summary numSequencePoints="9" visitedSequencePoints="9" numBranchPoints="0" visitedBranchPoints="0" sequenceCoverage="100.0" branchCoverage="0" maxCyclomaticComplexity="0" minCyclomaticComplexity="0" maxCrapScore="0" minCrapScore="0" visitedClasses="0" numClasses="0" visitedMethods="1" numMethods="1" />
              <MetadataToken>100663305</MetadataToken>
              <Name>BulletEffectAttribute::BulletEffectAttribute(BulletEffectType, System.String)</Name>
              <FileRef uid="2" />
              <SequencePoints>
                <SequencePoint vc="7" uspid="847" ordinal="0" offset="0" sl="17" sc="5" el="17" ec="5" bec="0" bev="0" fileid="2" />
                <SequencePoint vc="7" uspid="848" ordinal="0" offset="7" sl="18" sc="5" el="18" ec="5" bec="0" bev="0" fileid="2" />
                <SequencePoint vc="7" uspid="849" ordinal="0" offset="8" sl="19" sc="9" el="19" ec="9" bec="0" bev="0" fileid="2" />
                <SequencePoint vc="3" uspid="850" ordinal="0" offset="18" sl="20" sc="9" el="20" ec="9" bec="0" bev="0" fileid="2" />
                <SequencePoint vc="3" uspid="851" ordinal="0" offset="19" sl="21" sc="13" el="21" ec="13" bec="0" bev="0" fileid="2" />
                <SequencePoint vc="4" uspid="852" ordinal="0" offset="35" sl="23" sc="9" el="23" ec="9" bec="0" bev="0" fileid="2" />
                <SequencePoint vc="4" uspid="853" ordinal="0" offset="42" sl="24" sc="9" el="24" ec="9" bec="0" bev="0" fileid="2" />
                <SequencePoint vc="4" uspid="854" ordinal="0" offset="49" sl="25" sc="9" el="25" ec="9" bec="0" bev="0" fileid="2" />
                <SequencePoint vc="4" uspid="855" ordinal="0" offset="57" sl="26" sc="5" el="26" ec="5" bec="0" bev="0" fileid="2" />
              </SequencePoints>
              <BranchPoints />
            </Method>
          </Methods>
        </Class>
        <Class>
          <Summary numSequencePoints="7" visitedSequencePoints="7" numBranchPoints="0" visitedBranchPoints="0" sequenceCoverage="100.0" branchCoverage="0.0" maxCyclomaticComplexity="0" minCyclomaticComplexity="0" maxCrapScore="0" minCrapScore="0" visitedClasses="1" numClasses="1" visitedMethods="3" numMethods="3" />
          <FullName>BulletConfiguration</FullName>
          <Methods>
            <Method visited="true" cyclomaticComplexity="0" nPathComplexity="0" sequenceCoverage="100.0" branchCoverage="0" crapScore="0" isConstructor="false" isStatic="false" isGetter="true" isSetter="false">
              <Summary numSequencePoints="1" visitedSequencePoints="1" numBranchPoints="0" visitedBranchPoints="0" sequenceCoverage="100.0" branchCoverage="0" maxCyclomaticComplexity="0" minCyclomaticComplexity="0" maxCrapScore="0" minCrapScore="0" visitedClasses="0" numClasses="0" visitedMethods="1" numMethods="1" />
              <MetadataToken>100663314</MetadataToken>
              <Name>System.Int32 BulletConfiguration::get_Damage()</Name>
              <FileRef uid="5" />
              <SequencePoints>
                <SequencePoint vc="11" uspid="891" ordinal="0" offset="0" sl="128" sc="25" el="128" ec="25" bec="0" bev="0" fileid="5" />
              </SequencePoints>
              <BranchPoints />
            </Method>
            <Method visited="true" cyclomaticComplexity="0" nPathComplexity="0" sequenceCoverage="100.0" branchCoverage="0" crapScore="0" isConstructor="false" isStatic="false" isGetter="true" isSetter="false">
              <Summary numSequencePoints="1" visitedSequencePoints="1" numBranchPoints="0" visitedBranchPoints="0" sequenceCoverage="100.0" branchCoverage="0" maxCyclomaticComplexity="0" minCyclomaticComplexity="0" maxCrapScore="0" minCrapScore="0" visitedClasses="0" numClasses="0" visitedMethods="1" numMethods="1" />
              <MetadataToken>100663315</MetadataToken>
              <Name>System.Single BulletConfiguration::get_Speed()</Name>
              <FileRef uid="5" />
              <SequencePoints>
                <SequencePoint vc="11" uspid="892" ordinal="0" offset="0" sl="129" sc="26" el="129" ec="26" bec="0" bev="0" fileid="5" />
              </SequencePoints>
              <BranchPoints />
            </Method>
            <Method visited="true" cyclomaticComplexity="0" nPathComplexity="0" sequenceCoverage="100.0" branchCoverage="0" crapScore="0" isConstructor="true" isStatic="false" isGetter="false" isSetter="false">
              <Summary numSequencePoints="5" visitedSequencePoints="5" numBranchPoints="0" visitedBranchPoints="0" sequenceCoverage="100.0" branchCoverage="0" maxCyclomaticComplexity="0" minCyclomaticComplexity="0" maxCrapScore="0" minCrapScore="0" visitedClasses="0" numClasses="0" visitedMethods="1" numMethods="1" />
              <MetadataToken>100663316</MetadataToken>
              <Name>BulletConfiguration::BulletConfiguration(System.Int32, System.Single)</Name>
              <FileRef uid="5" />
              <SequencePoints>
                <SequencePoint vc="19" uspid="893" ordinal="0" offset="0" sl="131" sc="5" el="131" ec="5" bec="0" bev="0" fileid="5" />
                <SequencePoint vc="19" uspid="894" ordinal="0" offset="7" sl="132" sc="5" el="132" ec="5" bec="0" bev="0" fileid="5" />
                <SequencePoint vc="19" uspid="895" ordinal="0" offset="8" sl="133" sc="9" el="133" ec="9" bec="0" bev="0" fileid="5" />
                <SequencePoint vc="19" uspid="896" ordinal="0" offset="15" sl="134" sc="9" el="134" ec="9" bec="0" bev="0" fileid="5" />
                <SequencePoint vc="19" uspid="897" ordinal="0" offset="22" sl="135" sc="5" el="135" ec="5" bec="0" bev="0" fileid="5" />
              </SequencePoints>
              <BranchPoints />
            </Method>
          </Methods>
        </Class>
        <Class>
          <Summary numSequencePoints="13" visitedSequencePoints="13" numBranchPoints="0" visitedBranchPoints="0" sequenceCoverage="100.0" branchCoverage="0.0" maxCyclomaticComplexity="0" minCyclomaticComplexity="0" maxCrapScore="0" minCrapScore="0" visitedClasses="1" numClasses="1" visitedMethods="6" numMethods="6" />
          <FullName>StandardBullet</FullName>
          <Methods>
            <Method visited="true" cyclomaticComplexity="0" nPathComplexity="0" sequenceCoverage="100.0" branchCoverage="0" crapScore="0" isConstructor="false" isStatic="false" isGetter="true" isSetter="false">
              <Summary numSequencePoints="1" visitedSequencePoints="1" numBranchPoints="0" visitedBranchPoints="0" sequenceCoverage="100.0" branchCoverage="0" maxCyclomaticComplexity="0" minCyclomaticComplexity="0" maxCrapScore="0" minCrapScore="0" visitedClasses="0" numClasses="0" visitedMethods="1" numMethods="1" />
              <MetadataToken>100663321</MetadataToken>
              <Name>UnityEngine.Vector3 StandardBullet::get_Direction()</Name>
              <FileRef uid="5" />
              <SequencePoints>
                <SequencePoint vc="7" uspid="898" ordinal="0" offset="0" sl="152" sc="32" el="152" ec="32" bec="0" bev="0" fileid="5" />
              </SequencePoints>
              <BranchPoints />
            </Method>
            <Method visited="true" cyclomaticComplexity="0" nPathComplexity="0" sequenceCoverage="100.0" branchCoverage="0" crapScore="0" isConstructor="false" isStatic="false" isGetter="false" isSetter="true">
              <Summary numSequencePoints="1" visitedSequencePoints="1" numBranchPoints="0" visitedBranchPoints="0" sequenceCoverage="100.0" branchCoverage="0" maxCyclomaticComplexity="0" minCyclomaticComplexity="0" maxCrapScore="0" minCrapScore="0" visitedClasses="0" numClasses="0" visitedMethods="1" numMethods="1" />
              <MetadataToken>100663322</MetadataToken>
              <Name>System.Void StandardBullet::set_Direction(UnityEngine.Vector3)</Name>
              <FileRef uid="5" />
              <SequencePoints>
                <SequencePoint vc="9" uspid="899" ordinal="0" offset="0" sl="152" sc="37" el="152" ec="37" bec="0" bev="0" fileid="5" />
              </SequencePoints>
              <BranchPoints />
            </Method>
            <Method visited="true" cyclomaticComplexity="0" nPathComplexity="0" sequenceCoverage="100.0" branchCoverage="0" crapScore="0" isConstructor="false" isStatic="false" isGetter="true" isSetter="false">
              <Summary numSequencePoints="1" visitedSequencePoints="1" numBranchPoints="0" visitedBranchPoints="0" sequenceCoverage="100.0" branchCoverage="0" maxCyclomaticComplexity="0" minCyclomaticComplexity="0" maxCrapScore="0" minCrapScore="0" visitedClasses="0" numClasses="0" visitedMethods="1" numMethods="1" />
              <MetadataToken>100663324</MetadataToken>
              <Name>System.Int32 StandardBullet::get_Damage()</Name>
              <FileRef uid="5" />
              <SequencePoints>
                <SequencePoint vc="8" uspid="900" ordinal="0" offset="0" sl="160" sc="26" el="160" ec="26" bec="0" bev="0" fileid="5" />
              </SequencePoints>
              <BranchPoints />
            </Method>
            <Method visited="true" cyclomaticComplexity="0" nPathComplexity="0" sequenceCoverage="100.0" branchCoverage="0" crapScore="0" isConstructor="false" isStatic="false" isGetter="true" isSetter="false">
              <Summary numSequencePoints="1" visitedSequencePoints="1" numBranchPoints="0" visitedBranchPoints="0" sequenceCoverage="100.0" branchCoverage="0" maxCyclomaticComplexity="0" minCyclomaticComplexity="0" maxCrapScore="0" minCrapScore="0" visitedClasses="0" numClasses="0" visitedMethods="1" numMethods="1" />
              <MetadataToken>100663325</MetadataToken>
              <Name>System.Single StandardBullet::get_Speed()</Name>
              <FileRef uid="5" />
              <SequencePoints>
                <SequencePoint vc="8" uspid="901" ordinal="0" offset="0" sl="161" sc="27" el="161" ec="27" bec="0" bev="0" fileid="5" />
              </SequencePoints>
              <BranchPoints />
            </Method>
            <Method visited="true" cyclomaticComplexity="0" nPathComplexity="0" sequenceCoverage="100.0" branchCoverage="0" crapScore="0" isConstructor="false" isStatic="false" isGetter="false" isSetter="false">
              <Summary numSequencePoints="3" visitedSequencePoints="3" numBranchPoints="0" visitedBranchPoints="0" sequenceCoverage="100.0" branchCoverage="0" maxCyclomaticComplexity="0" minCyclomaticComplexity="0" maxCrapScore="0" minCrapScore="0" visitedClasses="0" numClasses="0" visitedMethods="1" numMethods="1" />
              <MetadataToken>100663326</MetadataToken>
              <Name>System.Void StandardBullet::Shoot(UnityEngine.Vector3)</Name>
              <FileRef uid="5" />
              <SequencePoints>
                <SequencePoint vc="9" uspid="902" ordinal="0" offset="0" sl="164" sc="5" el="164" ec="5" bec="0" bev="0" fileid="5" />
                <SequencePoint vc="9" uspid="903" ordinal="0" offset="1" sl="165" sc="9" el="165" ec="9" bec="0" bev="0" fileid="5" />
                <SequencePoint vc="9" uspid="904" ordinal="0" offset="9" sl="166" sc="5" el="166" ec="5" bec="0" bev="0" fileid="5" />
              </SequencePoints>
              <BranchPoints />
            </Method>
            <Method visited="true" cyclomaticComplexity="0" nPathComplexity="0" sequenceCoverage="100.0" branchCoverage="0" crapScore="0" isConstructor="true" isStatic="false" isGetter="false" isSetter="false">
              <Summary numSequencePoints="6" visitedSequencePoints="6" numBranchPoints="0" visitedBranchPoints="0" sequenceCoverage="100.0" branchCoverage="0" maxCyclomaticComplexity="0" minCyclomaticComplexity="0" maxCrapScore="0" minCrapScore="0" visitedClasses="0" numClasses="0" visitedMethods="1" numMethods="1" />
              <MetadataToken>100663323</MetadataToken>
              <Name>StandardBullet::StandardBullet(BulletConfiguration)</Name>
              <FileRef uid="5" />
              <SequencePoints>
                <SequencePoint vc="9" uspid="905" ordinal="0" offset="0" sl="154" sc="5" el="154" ec="5" bec="0" bev="0" fileid="5" />
                <SequencePoint vc="9" uspid="906" ordinal="0" offset="7" sl="155" sc="5" el="155" ec="5" bec="0" bev="0" fileid="5" />
                <SequencePoint vc="9" uspid="907" ordinal="0" offset="8" sl="156" sc="9" el="156" ec="9" bec="0" bev="0" fileid="5" />
                <SequencePoint vc="1" uspid="908" ordinal="0" offset="16" sl="156" sc="29" el="156" ec="29" bec="0" bev="0" fileid="5" />
                <SequencePoint vc="8" uspid="909" ordinal="0" offset="27" sl="157" sc="9" el="157" ec="9" bec="0" bev="0" fileid="5" />
                <SequencePoint vc="8" uspid="910" ordinal="0" offset="34" sl="158" sc="5" el="158" ec="5" bec="0" bev="0" fileid="5" />
              </SequencePoints>
              <BranchPoints />
            </Method>
          </Methods>
        </Class>
        <Class>
          <Summary numSequencePoints="12" visitedSequencePoints="12" numBranchPoints="0" visitedBranchPoints="0" sequenceCoverage="100.0" branchCoverage="0.0" maxCyclomaticComplexity="0" minCyclomaticComplexity="0" maxCrapScore="0" minCrapScore="0" visitedClasses="1" numClasses="1" visitedMethods="5" numMethods="5" />
          <FullName>BulletDecorator</FullName>
          <Methods>
            <Method visited="true" cyclomaticComplexity="0" nPathComplexity="0" sequenceCoverage="100.0" branchCoverage="0" crapScore="0" isConstructor="false" isStatic="false" isGetter="false" isSetter="false">
              <Summary numSequencePoints="3" visitedSequencePoints="3" numBranchPoints="0" visitedBranchPoints="0" sequenceCoverage="100.0" branchCoverage="0" maxCyclomaticComplexity="0" minCyclomaticComplexity="0" maxCrapScore="0" minCrapScore="0" visitedClasses="0" numClasses="0" visitedMethods="1" numMethods="1" />
              <MetadataToken>100663328</MetadataToken>
              <Name>System.Void BulletDecorator::Shoot(UnityEngine.Vector3)</Name>
              <FileRef uid="5" />
              <SequencePoints>
                <SequencePoint vc="6" uspid="911" ordinal="0" offset="0" sl="183" sc="5" el="183" ec="5" bec="0" bev="0" fileid="5" />
                <SequencePoint vc="6" uspid="912" ordinal="0" offset="1" sl="184" sc="9" el="184" ec="9" bec="0" bev="0" fileid="5" />
                <SequencePoint vc="6" uspid="913" ordinal="0" offset="14" sl="185" sc="5" el="185" ec="5" bec="0" bev="0" fileid="5" />
              </SequencePoints>
              <BranchPoints />
            </Method>
            <Method visited="true" cyclomaticComplexity="0" nPathComplexity="0" sequenceCoverage="100.0" branchCoverage="0" crapScore="0" isConstructor="false" isStatic="false" isGetter="true" isSetter="false">
              <Summary numSequencePoints="1" visitedSequencePoints="1" numBranchPoints="0" visitedBranchPoints="0" sequenceCoverage="100.0" branchCoverage="0" maxCyclomaticComplexity="0" minCyclomaticComplexity="0" maxCrapScore="0" minCrapScore="0" visitedClasses="0" numClasses="0" visitedMethods="1" numMethods="1" />
              <MetadataToken>100663329</MetadataToken>
              <Name>System.Int32 BulletDecorator::get_Damage()</Name>
              <FileRef uid="5" />
              <SequencePoints>
                <SequencePoint vc="3" uspid="914" ordinal="0" offset="0" sl="187" sc="34" el="187" ec="34" bec="0" bev="0" fileid="5" />
              </SequencePoints>
              <BranchPoints />
            </Method>
            <Method visited="true" cyclomaticComplexity="0" nPathComplexity="0" sequenceCoverage="100.0" branchCoverage="0" crapScore="0" isConstructor="false" isStatic="false" isGetter="true" isSetter="false">
              <Summary numSequencePoints="1" visitedSequencePoints="1" numBranchPoints="0" visitedBranchPoints="0" sequenceCoverage="100.0" branchCoverage="0" maxCyclomaticComplexity="0" minCyclomaticComplexity="0" maxCrapScore="0" minCrapScore="0" visitedClasses="0" numClasses="0" visitedMethods="1" numMethods="1" />
              <MetadataToken>100663330</MetadataToken>
              <Name>System.Single BulletDecorator::get_Speed()</Name>
              <FileRef uid="5" />
              <SequencePoints>
                <SequencePoint vc="3" uspid="915" ordinal="0" offset="0" sl="188" sc="35" el="188" ec="35" bec="0" bev="0" fileid="5" />
              </SequencePoints>
              <BranchPoints />
            </Method>
            <Method visited="true" cyclomaticComplexity="0" nPathComplexity="0" sequenceCoverage="100.0" branchCoverage="0" crapScore="0" isConstructor="false" isStatic="false" isGetter="true" isSetter="false">
              <Summary numSequencePoints="1" visitedSequencePoints="1" numBranchPoints="0" visitedBranchPoints="0" sequenceCoverage="100.0" branchCoverage="0" maxCyclomaticComplexity="0" minCyclomaticComplexity="0" maxCrapScore="0" minCrapScore="0" visitedClasses="0" numClasses="0" visitedMethods="1" numMethods="1" />
              <MetadataToken>100663331</MetadataToken>
              <Name>UnityEngine.Vector3 BulletDecorator::get_Direction()</Name>
              <FileRef uid="5" />
              <SequencePoints>
                <SequencePoint vc="4" uspid="916" ordinal="0" offset="0" sl="189" sc="41" el="189" ec="41" bec="0" bev="0" fileid="5" />
              </SequencePoints>
              <BranchPoints />
            </Method>
            <Method visited="true" cyclomaticComplexity="0" nPathComplexity="0" sequenceCoverage="100.0" branchCoverage="0" crapScore="0" isConstructor="true" isStatic="false" isGetter="false" isSetter="false">
              <Summary numSequencePoints="6" visitedSequencePoints="6" numBranchPoints="0" visitedBranchPoints="0" sequenceCoverage="100.0" branchCoverage="0" maxCyclomaticComplexity="0" minCyclomaticComplexity="0" maxCrapScore="0" minCrapScore="0" visitedClasses="0" numClasses="0" visitedMethods="1" numMethods="1" />
              <MetadataToken>100663327</MetadataToken>
              <Name>BulletDecorator::BulletDecorator(IBullet)</Name>
              <FileRef uid="5" />
              <SequencePoints>
                <SequencePoint vc="7" uspid="917" ordinal="0" offset="0" sl="176" sc="5" el="176" ec="5" bec="0" bev="0" fileid="5" />
                <SequencePoint vc="7" uspid="918" ordinal="0" offset="7" sl="177" sc="5" el="177" ec="5" bec="0" bev="0" fileid="5" />
                <SequencePoint vc="7" uspid="919" ordinal="0" offset="8" sl="178" sc="9" el="178" ec="9" bec="0" bev="0" fileid="5" />
                <SequencePoint vc="1" uspid="920" ordinal="0" offset="16" sl="178" sc="29" el="178" ec="29" bec="0" bev="0" fileid="5" />
                <SequencePoint vc="6" uspid="921" ordinal="0" offset="27" sl="179" sc="9" el="179" ec="9" bec="0" bev="0" fileid="5" />
                <SequencePoint vc="6" uspid="922" ordinal="0" offset="34" sl="180" sc="5" el="180" ec="5" bec="0" bev="0" fileid="5" />
              </SequencePoints>
              <BranchPoints />
            </Method>
          </Methods>
        </Class>
        <Class>
          <Summary numSequencePoints="5" visitedSequencePoints="5" numBranchPoints="0" visitedBranchPoints="0" sequenceCoverage="100.0" branchCoverage="0.0" maxCyclomaticComplexity="0" minCyclomaticComplexity="0" maxCrapScore="0" minCrapScore="0" visitedClasses="1" numClasses="1" visitedMethods="2" numMethods="2" />
          <FullName>DamageDecorator</FullName>
          <Methods>
            <Method visited="true" cyclomaticComplexity="0" nPathComplexity="0" sequenceCoverage="100.0" branchCoverage="0" crapScore="0" isConstructor="false" isStatic="false" isGetter="true" isSetter="false">
              <Summary numSequencePoints="1" visitedSequencePoints="1" numBranchPoints="0" visitedBranchPoints="0" sequenceCoverage="100.0" branchCoverage="0" maxCyclomaticComplexity="0" minCyclomaticComplexity="0" maxCrapScore="0" minCrapScore="0" visitedClasses="0" numClasses="0" visitedMethods="1" numMethods="1" />
              <MetadataToken>100663333</MetadataToken>
              <Name>System.Int32 DamageDecorator::get_Damage()</Name>
              <FileRef uid="5" />
              <SequencePoints>
                <SequencePoint vc="3" uspid="923" ordinal="0" offset="0" sl="202" sc="35" el="202" ec="35" bec="0" bev="0" fileid="5" />
              </SequencePoints>
              <BranchPoints />
            </Method>
            <Method visited="true" cyclomaticComplexity="0" nPathComplexity="0" sequenceCoverage="100.0" branchCoverage="0" crapScore="0" isConstructor="true" isStatic="false" isGetter="false" isSetter="false">
              <Summary numSequencePoints="4" visitedSequencePoints="4" numBranchPoints="0" visitedBranchPoints="0" sequenceCoverage="100.0" branchCoverage="0" maxCyclomaticComplexity="0" minCyclomaticComplexity="0" maxCrapScore="0" minCrapScore="0" visitedClasses="0" numClasses="0" visitedMethods="1" numMethods="1" />
              <MetadataToken>100663332</MetadataToken>
              <Name>DamageDecorator::DamageDecorator(IBullet, System.Int32)</Name>
              <FileRef uid="5" />
              <SequencePoints>
                <SequencePoint vc="4" uspid="924" ordinal="0" offset="0" sl="197" sc="63" el="197" ec="63" bec="0" bev="0" fileid="5" />
                <SequencePoint vc="3" uspid="925" ordinal="0" offset="8" sl="198" sc="5" el="198" ec="5" bec="0" bev="0" fileid="5" />
                <SequencePoint vc="3" uspid="926" ordinal="0" offset="9" sl="199" sc="9" el="199" ec="9" bec="0" bev="0" fileid="5" />
                <SequencePoint vc="3" uspid="927" ordinal="0" offset="16" sl="200" sc="5" el="200" ec="5" bec="0" bev="0" fileid="5" />
              </SequencePoints>
              <BranchPoints />
            </Method>
          </Methods>
        </Class>
        <Class>
          <Summary numSequencePoints="5" visitedSequencePoints="5" numBranchPoints="0" visitedBranchPoints="0" sequenceCoverage="100.0" branchCoverage="0.0" maxCyclomaticComplexity="0" minCyclomaticComplexity="0" maxCrapScore="0" minCrapScore="0" visitedClasses="1" numClasses="1" visitedMethods="2" numMethods="2" />
          <FullName>SpeedDecorator</FullName>
          <Methods>
            <Method visited="true" cyclomaticComplexity="0" nPathComplexity="0" sequenceCoverage="100.0" branchCoverage="0" crapScore="0" isConstructor="false" isStatic="false" isGetter="true" isSetter="false">
              <Summary numSequencePoints="1" visitedSequencePoints="1" numBranchPoints="0" visitedBranchPoints="0" sequenceCoverage="100.0" branchCoverage="0" maxCyclomaticComplexity="0" minCyclomaticComplexity="0" maxCrapScore="0" minCrapScore="0" visitedClasses="0" numClasses="0" visitedMethods="1" numMethods="1" />
              <MetadataToken>100663335</MetadataToken>
              <Name>System.Single SpeedDecorator::get_Speed()</Name>
              <FileRef uid="5" />
              <SequencePoints>
                <SequencePoint vc="3" uspid="928" ordinal="0" offset="0" sl="215" sc="36" el="215" ec="36" bec="0" bev="0" fileid="5" />
              </SequencePoints>
              <BranchPoints />
            </Method>
            <Method visited="true" cyclomaticComplexity="0" nPathComplexity="0" sequenceCoverage="100.0" branchCoverage="0" crapScore="0" isConstructor="true" isStatic="false" isGetter="false" isSetter="false">
              <Summary numSequencePoints="4" visitedSequencePoints="4" numBranchPoints="0" visitedBranchPoints="0" sequenceCoverage="100.0" branchCoverage="0" maxCyclomaticComplexity="0" minCyclomaticComplexity="0" maxCrapScore="0" minCrapScore="0" visitedClasses="0" numClasses="0" visitedMethods="1" numMethods="1" />
              <MetadataToken>100663334</MetadataToken>
              <Name>SpeedDecorator::SpeedDecorator(IBullet, System.Single)</Name>
              <FileRef uid="5" />
              <SequencePoints>
                <SequencePoint vc="3" uspid="929" ordinal="0" offset="0" sl="210" sc="68" el="210" ec="68" bec="0" bev="0" fileid="5" />
                <SequencePoint vc="3" uspid="930" ordinal="0" offset="8" sl="211" sc="5" el="211" ec="5" bec="0" bev="0" fileid="5" />
                <SequencePoint vc="3" uspid="931" ordinal="0" offset="9" sl="212" sc="9" el="212" ec="9" bec="0" bev="0" fileid="5" />
                <SequencePoint vc="3" uspid="932" ordinal="0" offset="16" sl="213" sc="5" el="213" ec="5" bec="0" bev="0" fileid="5" />
              </SequencePoints>
              <BranchPoints />
            </Method>
          </Methods>
        </Class>
        <Class>
          <Summary numSequencePoints="22" visitedSequencePoints="22" numBranchPoints="0" visitedBranchPoints="0" sequenceCoverage="100.0" branchCoverage="0.0" maxCyclomaticComplexity="0" minCyclomaticComplexity="0" maxCrapScore="0" minCrapScore="0" visitedClasses="1" numClasses="1" visitedMethods="5" numMethods="5" />
          <FullName>BulletFactory</FullName>
          <Methods>
            <Method visited="true" cyclomaticComplexity="0" nPathComplexity="0" sequenceCoverage="100.0" branchCoverage="0" crapScore="0" isConstructor="false" isStatic="true" isGetter="false" isSetter="false">
              <Summary numSequencePoints="9" visitedSequencePoints="9" numBranchPoints="0" visitedBranchPoints="0" sequenceCoverage="100.0" branchCoverage="0" maxCyclomaticComplexity="0" minCyclomaticComplexity="0" maxCrapScore="0" minCrapScore="0" visitedClasses="0" numClasses="0" visitedMethods="1" numMethods="1" />
              <MetadataToken>100663336</MetadataToken>
              <Name>static BulletConfiguration BulletFactory::GetConfiguration(System.String, System.Int32, System.Single)</Name>
              <FileRef uid="5" />
              <SequencePoints>
                <SequencePoint vc="8" uspid="933" ordinal="0" offset="0" sl="223" sc="5" el="223" ec="5" bec="0" bev="0" fileid="5" />
                <SequencePoint vc="8" uspid="934" ordinal="0" offset="1" sl="224" sc="9" el="224" ec="9" bec="0" bev="0" fileid="5" />
                <SequencePoint vc="2" uspid="935" ordinal="0" offset="11" sl="224" sc="40" el="224" ec="40" bec="0" bev="0" fileid="5" />
                <SequencePoint vc="6" uspid="936" ordinal="0" offset="27" sl="225" sc="9" el="225" ec="9" bec="0" bev="0" fileid="5" />
                <SequencePoint vc="2" uspid="937" ordinal="0" offset="45" sl="226" sc="9" el="226" ec="9" bec="0" bev="0" fileid="5" />
                <SequencePoint vc="2" uspid="938" ordinal="0" offset="46" sl="227" sc="13" el="227" ec="13" bec="0" bev="0" fileid="5" />
                <SequencePoint vc="2" uspid="939" ordinal="0" offset="65" sl="228" sc="9" el="228" ec="9" bec="0" bev="0" fileid="5" />
                <SequencePoint vc="6" uspid="940" ordinal="0" offset="66" sl="229" sc="9" el="229" ec="9" bec="0" bev="0" fileid="5" />
                <SequencePoint vc="6" uspid="941" ordinal="0" offset="80" sl="230" sc="5" el="230" ec="5" bec="0" bev="0" fileid="5" />
              </SequencePoints>
              <BranchPoints />
            </Method>
            <Method visited="true" cyclomaticComplexity="0" nPathComplexity="0" sequenceCoverage="100.0" branchCoverage="0" crapScore="0" isConstructor="false" isStatic="true" isGetter="false" isSetter="false">
              <Summary numSequencePoints="4" visitedSequencePoints="4" numBranchPoints="0" visitedBranchPoints="0" sequenceCoverage="100.0" branchCoverage="0" maxCyclomaticComplexity="0" minCyclomaticComplexity="0" maxCrapScore="0" minCrapScore="0" visitedClasses="0" numClasses="0" visitedMethods="1" numMethods="1" />
              <MetadataToken>100663337</MetadataToken>
              <Name>static IBullet BulletFactory::CreateStandardBullet()</Name>
              <FileRef uid="5" />
              <SequencePoints>
                <SequencePoint vc="4" uspid="942" ordinal="0" offset="0" sl="233" sc="5" el="233" ec="5" bec="0" bev="0" fileid="5" />
                <SequencePoint vc="4" uspid="943" ordinal="0" offset="1" sl="234" sc="9" el="234" ec="9" bec="0" bev="0" fileid="5" />
                <SequencePoint vc="4" uspid="944" ordinal="0" offset="18" sl="235" sc="9" el="235" ec="9" bec="0" bev="0" fileid="5" />
                <SequencePoint vc="4" uspid="945" ordinal="0" offset="27" sl="236" sc="5" el="236" ec="5" bec="0" bev="0" fileid="5" />
              </SequencePoints>
              <BranchPoints />
            </Method>
            <Method visited="true" cyclomaticComplexity="0" nPathComplexity="0" sequenceCoverage="100.0" branchCoverage="0" crapScore="0" isConstructor="false" isStatic="true" isGetter="false" isSetter="false">
              <Summary numSequencePoints="4" visitedSequencePoints="4" numBranchPoints="0" visitedBranchPoints="0" sequenceCoverage="100.0" branchCoverage="0" maxCyclomaticComplexity="0" minCyclomaticComplexity="0" maxCrapScore="0" minCrapScore="0" visitedClasses="0" numClasses="0" visitedMethods="1" numMethods="1" />
              <MetadataToken>100663338</MetadataToken>
              <Name>static IBullet BulletFactory::CreateEnhancedBullet()</Name>
              <FileRef uid="5" />
              <SequencePoints>
                <SequencePoint vc="1" uspid="946" ordinal="0" offset="0" sl="239" sc="5" el="239" ec="5" bec="0" bev="0" fileid="5" />
                <SequencePoint vc="1" uspid="947" ordinal="0" offset="1" sl="240" sc="9" el="240" ec="9" bec="0" bev="0" fileid="5" />
                <SequencePoint vc="1" uspid="948" ordinal="0" offset="7" sl="241" sc="9" el="241" ec="9" bec="0" bev="0" fileid="5" />
                <SequencePoint vc="1" uspid="949" ordinal="0" offset="17" sl="242" sc="5" el="242" ec="5" bec="0" bev="0" fileid="5" />
              </SequencePoints>
              <BranchPoints />
            </Method>
            <Method visited="true" cyclomaticComplexity="0" nPathComplexity="0" sequenceCoverage="100.0" branchCoverage="0" crapScore="0" isConstructor="false" isStatic="true" isGetter="false" isSetter="false">
              <Summary numSequencePoints="4" visitedSequencePoints="4" numBranchPoints="0" visitedBranchPoints="0" sequenceCoverage="100.0" branchCoverage="0" maxCyclomaticComplexity="0" minCyclomaticComplexity="0" maxCrapScore="0" minCrapScore="0" visitedClasses="0" numClasses="0" visitedMethods="1" numMethods="1" />
              <MetadataToken>100663339</MetadataToken>
              <Name>static IBullet BulletFactory::CreateFastBullet()</Name>
              <FileRef uid="5" />
              <SequencePoints>
                <SequencePoint vc="1" uspid="950" ordinal="0" offset="0" sl="245" sc="5" el="245" ec="5" bec="0" bev="0" fileid="5" />
                <SequencePoint vc="1" uspid="951" ordinal="0" offset="1" sl="246" sc="9" el="246" ec="9" bec="0" bev="0" fileid="5" />
                <SequencePoint vc="1" uspid="952" ordinal="0" offset="7" sl="247" sc="9" el="247" ec="9" bec="0" bev="0" fileid="5" />
                <SequencePoint vc="1" uspid="953" ordinal="0" offset="21" sl="248" sc="5" el="248" ec="5" bec="0" bev="0" fileid="5" />
              </SequencePoints>
              <BranchPoints />
            </Method>
            <Method visited="true" cyclomaticComplexity="0" nPathComplexity="0" sequenceCoverage="100.0" branchCoverage="0" crapScore="0" isConstructor="true" isStatic="true" isGetter="false" isSetter="false">
              <Summary numSequencePoints="1" visitedSequencePoints="1" numBranchPoints="0" visitedBranchPoints="0" sequenceCoverage="100.0" branchCoverage="0" maxCyclomaticComplexity="0" minCyclomaticComplexity="0" maxCrapScore="0" minCrapScore="0" visitedClasses="0" numClasses="0" visitedMethods="1" numMethods="1" />
              <MetadataToken>100663340</MetadataToken>
              <Name>static BulletFactory::BulletFactory()</Name>
              <FileRef uid="5" />
              <SequencePoints>
                <SequencePoint vc="1" uspid="954" ordinal="0" offset="0" sl="220" sc="5" el="220" ec="5" bec="0" bev="0" fileid="5" />
              </SequencePoints>
              <BranchPoints />
            </Method>
          </Methods>
        </Class>
        <Class>
          <Summary numSequencePoints="2" visitedSequencePoints="2" numBranchPoints="0" visitedBranchPoints="0" sequenceCoverage="100.0" branchCoverage="0.0" maxCyclomaticComplexity="0" minCyclomaticComplexity="0" maxCrapScore="0" minCrapScore="0" visitedClasses="1" numClasses="1" visitedMethods="1" numMethods="1" />
          <FullName>EnemySpawner</FullName>
          <Methods>
            <Method visited="true" cyclomaticComplexity="0" nPathComplexity="0" sequenceCoverage="100.0" branchCoverage="0" crapScore="0" isConstructor="true" isStatic="false" isGetter="false" isSetter="false">
              <Summary numSequencePoints="2" visitedSequencePoints="2" numBranchPoints="0" visitedBranchPoints="0" sequenceCoverage="100.0" branchCoverage="0" maxCyclomaticComplexity="0" minCyclomaticComplexity="0" maxCrapScore="0" minCrapScore="0" visitedClasses="0" numClasses="0" visitedMethods="1" numMethods="1" />
              <MetadataToken>100663351</MetadataToken>
              <Name>EnemySpawner::EnemySpawner()</Name>
              <FileRef uid="8" />
              <SequencePoints>
                <SequencePoint vc="1" uspid="1034" ordinal="0" offset="0" sl="10" sc="5" el="10" ec="5" bec="0" bev="0" fileid="8" />
                <SequencePoint vc="1" uspid="1035" ordinal="0" offset="11" sl="11" sc="5" el="11" ec="5" bec="0" bev="0" fileid="8" />
              </SequencePoints>
              <BranchPoints />
            </Method>
          </Methods>
        </Class>
        <Class>
          <Summary numSequencePoints="6" visitedSequencePoints="6" numBranchPoints="0" visitedBranchPoints="0" sequenceCoverage="100.0" branchCoverage="0.0" maxCyclomaticComplexity="0" minCyclomaticComplexity="0" maxCrapScore="0" minCrapScore="0" visitedClasses="1" numClasses="1" visitedMethods="1" numMethods="1" />
          <FullName>GameManager</FullName>
          <Methods>
            <Method visited="true" cyclomaticComplexity="0" nPathComplexity="0" sequenceCoverage="100.0" branchCoverage="0" crapScore="0" isConstructor="true" isStatic="false" isGetter="false" isSetter="false">
              <Summary numSequencePoints="6" visitedSequencePoints="6" numBranchPoints="0" visitedBranchPoints="0" sequenceCoverage="100.0" branchCoverage="0" maxCyclomaticComplexity="0" minCyclomaticComplexity="0" maxCrapScore="0" minCrapScore="0" visitedClasses="0" numClasses="0" visitedMethods="1" numMethods="1" />
              <MetadataToken>100663385</MetadataToken>
              <Name>GameManager::GameManager()</Name>
              <FileRef uid="15" />
              <SequencePoints>
                <SequencePoint vc="1" uspid="1182" ordinal="0" offset="0" sl="15" sc="5" el="15" ec="5" bec="0" bev="0" fileid="15" />
                <SequencePoint vc="1" uspid="1183" ordinal="0" offset="11" sl="16" sc="5" el="16" ec="5" bec="0" bev="0" fileid="15" />
                <SequencePoint vc="1" uspid="1184" ordinal="0" offset="22" sl="17" sc="5" el="17" ec="5" bec="0" bev="0" fileid="15" />
                <SequencePoint vc="1" uspid="1185" ordinal="0" offset="33" sl="18" sc="5" el="18" ec="5" bec="0" bev="0" fileid="15" />
                <SequencePoint vc="1" uspid="1186" ordinal="0" offset="44" sl="19" sc="5" el="19" ec="5" bec="0" bev="0" fileid="15" />
                <SequencePoint vc="1" uspid="1187" ordinal="0" offset="55" sl="20" sc="5" el="20" ec="5" bec="0" bev="0" fileid="15" />
              </SequencePoints>
              <BranchPoints />
            </Method>
          </Methods>
        </Class>
        <Class>
          <Summary numSequencePoints="22" visitedSequencePoints="0" numBranchPoints="0" visitedBranchPoints="0" sequenceCoverage="0.0" branchCoverage="0.0" maxCyclomaticComplexity="0" minCyclomaticComplexity="0" maxCrapScore="0" minCrapScore="0" visitedClasses="0" numClasses="1" visitedMethods="0" numMethods="4" />
          <FullName>GameEventPublisher[TContext]</FullName>
          <Methods>
            <Method visited="false" cyclomaticComplexity="0" nPathComplexity="0" sequenceCoverage="0.0" branchCoverage="0" crapScore="0" isConstructor="false" isStatic="false" isGetter="false" isSetter="false">
              <Summary numSequencePoints="6" visitedSequencePoints="0" numBranchPoints="0" visitedBranchPoints="0" sequenceCoverage="0.0" branchCoverage="0" maxCyclomaticComplexity="0" minCyclomaticComplexity="0" maxCrapScore="0" minCrapScore="0" visitedClasses="0" numClasses="0" visitedMethods="0" numMethods="1" />
              <MetadataToken>100663399</MetadataToken>
              <Name>System.Void GameEventPublisher[TContext]::Subscribe(.ISubscriber[TContext])</Name>
              <FileRef uid="18" />
              <SequencePoints>
                <SequencePoint vc="0" uspid="1216" ordinal="0" offset="0" sl="9" sc="0" el="9" ec="0" bec="0" bev="0" fileid="18" />
                <SequencePoint vc="0" uspid="1217" ordinal="0" offset="1" sl="10" sc="0" el="10" ec="0" bec="0" bev="0" fileid="18" />
                <SequencePoint vc="0" uspid="1218" ordinal="0" offset="20" sl="11" sc="0" el="11" ec="0" bec="0" bev="0" fileid="18" />
                <SequencePoint vc="0" uspid="1219" ordinal="0" offset="21" sl="12" sc="0" el="12" ec="0" bec="0" bev="0" fileid="18" />
                <SequencePoint vc="0" uspid="1220" ordinal="0" offset="34" sl="13" sc="0" el="13" ec="0" bec="0" bev="0" fileid="18" />
                <SequencePoint vc="0" uspid="1221" ordinal="0" offset="35" sl="14" sc="0" el="14" ec="0" bec="0" bev="0" fileid="18" />
              </SequencePoints>
              <BranchPoints />
            </Method>
            <Method visited="false" cyclomaticComplexity="0" nPathComplexity="0" sequenceCoverage="0.0" branchCoverage="0" crapScore="0" isConstructor="false" isStatic="false" isGetter="false" isSetter="false">
              <Summary numSequencePoints="3" visitedSequencePoints="0" numBranchPoints="0" visitedBranchPoints="0" sequenceCoverage="0.0" branchCoverage="0" maxCyclomaticComplexity="0" minCyclomaticComplexity="0" maxCrapScore="0" minCrapScore="0" visitedClasses="0" numClasses="0" visitedMethods="0" numMethods="1" />
              <MetadataToken>100663400</MetadataToken>
              <Name>System.Void GameEventPublisher[TContext]::Unsubscribe(.ISubscriber[TContext])</Name>
              <FileRef uid="18" />
              <SequencePoints>
                <SequencePoint vc="0" uspid="1222" ordinal="0" offset="0" sl="17" sc="0" el="17" ec="0" bec="0" bev="0" fileid="18" />
                <SequencePoint vc="0" uspid="1223" ordinal="0" offset="1" sl="18" sc="0" el="18" ec="0" bec="0" bev="0" fileid="18" />
                <SequencePoint vc="0" uspid="1224" ordinal="0" offset="14" sl="19" sc="0" el="19" ec="0" bec="0" bev="0" fileid="18" />
              </SequencePoints>
              <BranchPoints />
            </Method>
            <Method visited="false" cyclomaticComplexity="0" nPathComplexity="0" sequenceCoverage="0.0" branchCoverage="0" crapScore="0" isConstructor="false" isStatic="false" isGetter="false" isSetter="false">
              <Summary numSequencePoints="12" visitedSequencePoints="0" numBranchPoints="0" visitedBranchPoints="0" sequenceCoverage="0.0" branchCoverage="0" maxCyclomaticComplexity="0" minCyclomaticComplexity="0" maxCrapScore="0" minCrapScore="0" visitedClasses="0" numClasses="0" visitedMethods="0" numMethods="1" />
              <MetadataToken>100663401</MetadataToken>
              <Name>System.Void GameEventPublisher[TContext]::NotifySubscribers(TContext)</Name>
              <FileRef uid="18" />
              <SequencePoints>
                <SequencePoint vc="0" uspid="1225" ordinal="0" offset="0" sl="22" sc="0" el="22" ec="0" bec="0" bev="0" fileid="18" />
                <SequencePoint vc="0" uspid="1226" ordinal="0" offset="1" sl="23" sc="0" el="23" ec="0" bec="0" bev="0" fileid="18" />
                <SequencePoint vc="0" uspid="1227" ordinal="0" offset="17" sl="24" sc="0" el="24" ec="0" bec="0" bev="0" fileid="18" />
                <SequencePoint vc="0" uspid="1228" ordinal="0" offset="18" sl="25" sc="0" el="25" ec="0" bec="0" bev="0" fileid="18" />
                <SequencePoint vc="0" uspid="1229" ordinal="0" offset="53" sl="26" sc="0" el="26" ec="0" bec="0" bev="0" fileid="18" />
                <SequencePoint vc="0" uspid="1230" ordinal="0" offset="54" sl="27" sc="0" el="27" ec="0" bec="0" bev="0" fileid="18" />
                <SequencePoint vc="0" uspid="1231" ordinal="0" offset="67" sl="28" sc="0" el="28" ec="0" bec="0" bev="0" fileid="18" />
                <SequencePoint vc="0" uspid="1232" ordinal="0" offset="69" sl="30" sc="0" el="30" ec="0" bec="0" bev="0" fileid="18" />
                <SequencePoint vc="0" uspid="1233" ordinal="0" offset="88" sl="31" sc="0" el="31" ec="0" bec="0" bev="0" fileid="18" />
                <SequencePoint vc="0" uspid="1234" ordinal="0" offset="89" sl="23" sc="0" el="23" ec="0" bec="0" bev="0" fileid="18" />
                <SequencePoint vc="0" uspid="1235" ordinal="0" offset="93" sl="23" sc="0" el="23" ec="0" bec="0" bev="0" fileid="18" />
                <SequencePoint vc="0" uspid="1236" ordinal="0" offset="104" sl="32" sc="0" el="32" ec="0" bec="0" bev="0" fileid="18" />
              </SequencePoints>
              <BranchPoints />
            </Method>
            <Method visited="false" cyclomaticComplexity="0" nPathComplexity="0" sequenceCoverage="0.0" branchCoverage="0" crapScore="0" isConstructor="true" isStatic="false" isGetter="false" isSetter="false">
              <Summary numSequencePoints="1" visitedSequencePoints="0" numBranchPoints="0" visitedBranchPoints="0" sequenceCoverage="0.0" branchCoverage="0" maxCyclomaticComplexity="0" minCyclomaticComplexity="0" maxCrapScore="0" minCrapScore="0" visitedClasses="0" numClasses="0" visitedMethods="0" numMethods="1" />
              <MetadataToken>100663402</MetadataToken>
              <Name>GameEventPublisher[TContext]::GameEventPublisher()</Name>
              <FileRef uid="18" />
              <SequencePoints>
                <SequencePoint vc="0" uspid="1237" ordinal="0" offset="0" sl="6" sc="0" el="6" ec="0" bec="0" bev="0" fileid="18" />
              </SequencePoints>
              <BranchPoints />
            </Method>
          </Methods>
        </Class>
        <Class>
          <Summary numSequencePoints="5" visitedSequencePoints="5" numBranchPoints="0" visitedBranchPoints="0" sequenceCoverage="100.0" branchCoverage="0.0" maxCyclomaticComplexity="0" minCyclomaticComplexity="0" maxCrapScore="0" minCrapScore="0" visitedClasses="1" numClasses="1" visitedMethods="1" numMethods="1" />
          <FullName>PlayerMovement</FullName>
          <Methods>
            <Method visited="true" cyclomaticComplexity="0" nPathComplexity="0" sequenceCoverage="100.0" branchCoverage="0" crapScore="0" isConstructor="true" isStatic="false" isGetter="false" isSetter="false">
              <Summary numSequencePoints="5" visitedSequencePoints="5" numBranchPoints="0" visitedBranchPoints="0" sequenceCoverage="100.0" branchCoverage="0" maxCyclomaticComplexity="0" minCyclomaticComplexity="0" maxCrapScore="0" minCrapScore="0" visitedClasses="0" numClasses="0" visitedMethods="1" numMethods="1" />
              <MetadataToken>100663404</MetadataToken>
              <Name>PlayerMovement::PlayerMovement()</Name>
              <FileRef uid="19" />
              <SequencePoints>
                <SequencePoint vc="1" uspid="1261" ordinal="0" offset="0" sl="10" sc="5" el="10" ec="5" bec="0" bev="0" fileid="19" />
                <SequencePoint vc="1" uspid="1262" ordinal="0" offset="11" sl="11" sc="5" el="11" ec="5" bec="0" bev="0" fileid="19" />
                <SequencePoint vc="1" uspid="1263" ordinal="0" offset="22" sl="15" sc="5" el="15" ec="5" bec="0" bev="0" fileid="19" />
                <SequencePoint vc="1" uspid="1264" ordinal="0" offset="33" sl="18" sc="5" el="18" ec="5" bec="0" bev="0" fileid="19" />
                <SequencePoint vc="1" uspid="1265" ordinal="0" offset="44" sl="22" sc="5" el="22" ec="5" bec="0" bev="0" fileid="19" />
              </SequencePoints>
              <BranchPoints />
            </Method>
          </Methods>
        </Class>
        <Class>
          <Summary numSequencePoints="2" visitedSequencePoints="2" numBranchPoints="0" visitedBranchPoints="0" sequenceCoverage="100.0" branchCoverage="0.0" maxCyclomaticComplexity="0" minCyclomaticComplexity="0" maxCrapScore="0" minCrapScore="0" visitedClasses="1" numClasses="1" visitedMethods="1" numMethods="1" />
          <FullName>PlayerShooting</FullName>
          <Methods>
            <Method visited="true" cyclomaticComplexity="0" nPathComplexity="0" sequenceCoverage="100.0" branchCoverage="0" crapScore="0" isConstructor="true" isStatic="false" isGetter="false" isSetter="false">
              <Summary numSequencePoints="2" visitedSequencePoints="2" numBranchPoints="0" visitedBranchPoints="0" sequenceCoverage="100.0" branchCoverage="0" maxCyclomaticComplexity="0" minCyclomaticComplexity="0" maxCrapScore="0" minCrapScore="0" visitedClasses="0" numClasses="0" visitedMethods="1" numMethods="1" />
              <MetadataToken>100663415</MetadataToken>
              <Name>PlayerShooting::PlayerShooting()</Name>
              <FileRef uid="21" />
              <SequencePoints>
                <SequencePoint vc="1" uspid="1360" ordinal="0" offset="0" sl="10" sc="5" el="10" ec="5" bec="0" bev="0" fileid="21" />
                <SequencePoint vc="1" uspid="1361" ordinal="0" offset="11" sl="16" sc="5" el="16" ec="5" bec="0" bev="0" fileid="21" />
              </SequencePoints>
              <BranchPoints />
            </Method>
          </Methods>
        </Class>
      </Classes>
    </Module>
    <Module>
      <Summary numSequencePoints="156" visitedSequencePoints="156" numBranchPoints="0" visitedBranchPoints="0" sequenceCoverage="100.0" branchCoverage="0.0" maxCyclomaticComplexity="0" minCyclomaticComplexity="0" maxCrapScore="0" minCrapScore="0" visitedClasses="5" numClasses="5" visitedMethods="32" numMethods="32" />
      <ModuleTime>0001-01-01T00:00:00</ModuleTime>
      <ModuleName>EditMode</ModuleName>
      <Files>
        <File uid="27" fullPath="D:/University/4 Semestr/mapz/Lab4-6/MapzLabs/Assets/Tests/EditMode/DecoratorTest.cs" />
      </Files>
      <Classes>
        <Class>
          <Summary numSequencePoints="26" visitedSequencePoints="26" numBranchPoints="0" visitedBranchPoints="0" sequenceCoverage="100.0" branchCoverage="0.0" maxCyclomaticComplexity="0" minCyclomaticComplexity="0" maxCrapScore="0" minCrapScore="0" visitedClasses="1" numClasses="1" visitedMethods="5" numMethods="5" />
          <FullName>BulletEffectAttributeTests</FullName>
          <Methods>
            <Method visited="true" cyclomaticComplexity="0" nPathComplexity="0" sequenceCoverage="100.0" branchCoverage="0" crapScore="0" isConstructor="false" isStatic="false" isGetter="false" isSetter="false">
              <Summary numSequencePoints="9" visitedSequencePoints="9" numBranchPoints="0" visitedBranchPoints="0" sequenceCoverage="100.0" branchCoverage="0" maxCyclomaticComplexity="0" minCyclomaticComplexity="0" maxCrapScore="0" minCrapScore="0" visitedClasses="0" numClasses="0" visitedMethods="1" numMethods="1" />
              <MetadataToken>100663297</MetadataToken>
              <Name>System.Void BulletEffectAttributeTests::Constructor_WhenValidArgs_SetsPropertiesCorrectly()</Name>
              <FileRef uid="27" />
              <SequencePoints>
                <SequencePoint vc="1" uspid="1477" ordinal="0" offset="0" sl="13" sc="5" el="13" ec="5" bec="0" bev="0" fileid="27" />
                <SequencePoint vc="1" uspid="1478" ordinal="0" offset="1" sl="15" sc="9" el="15" ec="9" bec="0" bev="0" fileid="27" />
                <SequencePoint vc="1" uspid="1479" ordinal="0" offset="3" sl="16" sc="9" el="16" ec="9" bec="0" bev="0" fileid="27" />
                <SequencePoint vc="1" uspid="1480" ordinal="0" offset="9" sl="19" sc="9" el="19" ec="9" bec="0" bev="0" fileid="27" />
                <SequencePoint vc="1" uspid="1481" ordinal="0" offset="17" sl="20" sc="9" el="20" ec="9" bec="0" bev="0" fileid="27" />
                <SequencePoint vc="1" uspid="1482" ordinal="0" offset="25" sl="23" sc="9" el="23" ec="9" bec="0" bev="0" fileid="27" />
                <SequencePoint vc="1" uspid="1483" ordinal="0" offset="48" sl="24" sc="9" el="24" ec="9" bec="0" bev="0" fileid="27" />
                <SequencePoint vc="1" uspid="1484" ordinal="0" offset="61" sl="25" sc="9" el="25" ec="9" bec="0" bev="0" fileid="27" />
                <SequencePoint vc="1" uspid="1485" ordinal="0" offset="84" sl="26" sc="5" el="26" ec="5" bec="0" bev="0" fileid="27" />
              </SequencePoints>
              <BranchPoints />
            </Method>
            <Method visited="true" cyclomaticComplexity="0" nPathComplexity="0" sequenceCoverage="100.0" branchCoverage="0" crapScore="0" isConstructor="false" isStatic="false" isGetter="false" isSetter="false">
              <Summary numSequencePoints="3" visitedSequencePoints="3" numBranchPoints="0" visitedBranchPoints="0" sequenceCoverage="100.0" branchCoverage="0" maxCyclomaticComplexity="0" minCyclomaticComplexity="0" maxCrapScore="0" minCrapScore="0" visitedClasses="0" numClasses="0" visitedMethods="1" numMethods="1" />
              <MetadataToken>100663298</MetadataToken>
              <Name>System.Void BulletEffectAttributeTests::Constructor_WhenDescriptionIsNull_ThrowsArgumentNullException()</Name>
              <FileRef uid="27" />
              <SequencePoints>
                <SequencePoint vc="1" uspid="1486" ordinal="0" offset="0" sl="30" sc="5" el="30" ec="5" bec="0" bev="0" fileid="27" />
                <SequencePoint vc="1" uspid="1487" ordinal="0" offset="1" sl="31" sc="9" el="31" ec="9" bec="0" bev="0" fileid="27" />
                <SequencePoint vc="1" uspid="1488" ordinal="0" offset="38" sl="32" sc="5" el="32" ec="5" bec="0" bev="0" fileid="27" />
              </SequencePoints>
              <BranchPoints />
            </Method>
            <Method visited="true" cyclomaticComplexity="0" nPathComplexity="0" sequenceCoverage="100.0" branchCoverage="0" crapScore="0" isConstructor="false" isStatic="false" isGetter="false" isSetter="false">
              <Summary numSequencePoints="3" visitedSequencePoints="3" numBranchPoints="0" visitedBranchPoints="0" sequenceCoverage="100.0" branchCoverage="0" maxCyclomaticComplexity="0" minCyclomaticComplexity="0" maxCrapScore="0" minCrapScore="0" visitedClasses="0" numClasses="0" visitedMethods="1" numMethods="1" />
              <MetadataToken>100663299</MetadataToken>
              <Name>System.Void BulletEffectAttributeTests::Constructor_WhenDescriptionIsEmpty_ThrowsArgumentNullException()</Name>
              <FileRef uid="27" />
              <SequencePoints>
                <SequencePoint vc="1" uspid="1489" ordinal="0" offset="0" sl="36" sc="5" el="36" ec="5" bec="0" bev="0" fileid="27" />
                <SequencePoint vc="1" uspid="1490" ordinal="0" offset="1" sl="37" sc="9" el="37" ec="9" bec="0" bev="0" fileid="27" />
                <SequencePoint vc="1" uspid="1491" ordinal="0" offset="38" sl="38" sc="5" el="38" ec="5" bec="0" bev="0" fileid="27" />
              </SequencePoints>
              <BranchPoints />
            </Method>
            <Method visited="true" cyclomaticComplexity="0" nPathComplexity="0" sequenceCoverage="100.0" branchCoverage="0" crapScore="0" isConstructor="false" isStatic="false" isGetter="false" isSetter="false">
              <Summary numSequencePoints="3" visitedSequencePoints="3" numBranchPoints="0" visitedBranchPoints="0" sequenceCoverage="100.0" branchCoverage="0" maxCyclomaticComplexity="0" minCyclomaticComplexity="0" maxCrapScore="0" minCrapScore="0" visitedClasses="0" numClasses="0" visitedMethods="1" numMethods="1" />
              <MetadataToken>100663300</MetadataToken>
              <Name>System.Void BulletEffectAttributeTests::Constructor_WhenDescriptionIsWhitespace_ThrowsArgumentNullException()</Name>
              <FileRef uid="27" />
              <SequencePoints>
                <SequencePoint vc="1" uspid="1492" ordinal="0" offset="0" sl="42" sc="5" el="42" ec="5" bec="0" bev="0" fileid="27" />
                <SequencePoint vc="1" uspid="1493" ordinal="0" offset="1" sl="43" sc="9" el="43" ec="9" bec="0" bev="0" fileid="27" />
                <SequencePoint vc="1" uspid="1494" ordinal="0" offset="38" sl="44" sc="5" el="44" ec="5" bec="0" bev="0" fileid="27" />
              </SequencePoints>
              <BranchPoints />
            </Method>
            <Method visited="true" cyclomaticComplexity="0" nPathComplexity="0" sequenceCoverage="100.0" branchCoverage="0" crapScore="0" isConstructor="false" isStatic="false" isGetter="false" isSetter="false">
              <Summary numSequencePoints="8" visitedSequencePoints="8" numBranchPoints="0" visitedBranchPoints="0" sequenceCoverage="100.0" branchCoverage="0" maxCyclomaticComplexity="0" minCyclomaticComplexity="0" maxCrapScore="0" minCrapScore="0" visitedClasses="0" numClasses="0" visitedMethods="1" numMethods="1" />
              <MetadataToken>100663301</MetadataToken>
              <Name>System.Void BulletEffectAttributeTests::AttributeUsage_IsCorrectlyDefined()</Name>
              <FileRef uid="27" />
              <SequencePoints>
                <SequencePoint vc="1" uspid="1495" ordinal="0" offset="0" sl="48" sc="5" el="48" ec="5" bec="0" bev="0" fileid="27" />
                <SequencePoint vc="1" uspid="1496" ordinal="0" offset="1" sl="49" sc="9" el="49" ec="9" bec="0" bev="0" fileid="27" />
                <SequencePoint vc="1" uspid="1497" ordinal="0" offset="12" sl="50" sc="9" el="50" ec="9" bec="0" bev="0" fileid="27" />
                <SequencePoint vc="1" uspid="1498" ordinal="0" offset="34" sl="52" sc="9" el="52" ec="9" bec="0" bev="0" fileid="27" />
                <SequencePoint vc="1" uspid="1499" ordinal="0" offset="51" sl="53" sc="9" el="53" ec="9" bec="0" bev="0" fileid="27" />
                <SequencePoint vc="1" uspid="1500" ordinal="0" offset="74" sl="54" sc="9" el="54" ec="9" bec="0" bev="0" fileid="27" />
                <SequencePoint vc="1" uspid="1501" ordinal="0" offset="86" sl="55" sc="9" el="55" ec="9" bec="0" bev="0" fileid="27" />
                <SequencePoint vc="1" uspid="1502" ordinal="0" offset="98" sl="56" sc="5" el="56" ec="5" bec="0" bev="0" fileid="27" />
              </SequencePoints>
              <BranchPoints />
            </Method>
          </Methods>
        </Class>
        <Class>
          <Summary numSequencePoints="120" visitedSequencePoints="120" numBranchPoints="0" visitedBranchPoints="0" sequenceCoverage="100.0" branchCoverage="0.0" maxCyclomaticComplexity="0" minCyclomaticComplexity="0" maxCrapScore="0" minCrapScore="0" visitedClasses="1" numClasses="1" visitedMethods="17" numMethods="17" />
          <FullName>BulletSystemIntegrationTests</FullName>
          <Methods>
            <Method visited="true" cyclomaticComplexity="0" nPathComplexity="0" sequenceCoverage="100.0" branchCoverage="0" crapScore="0" isConstructor="false" isStatic="false" isGetter="false" isSetter="false">
              <Summary numSequencePoints="3" visitedSequencePoints="3" numBranchPoints="0" visitedBranchPoints="0" sequenceCoverage="100.0" branchCoverage="0" maxCyclomaticComplexity="0" minCyclomaticComplexity="0" maxCrapScore="0" minCrapScore="0" visitedClasses="0" numClasses="0" visitedMethods="1" numMethods="1" />
              <MetadataToken>100663303</MetadataToken>
              <Name>System.Void BulletSystemIntegrationTests::Setup()</Name>
              <FileRef uid="27" />
              <SequencePoints>
                <SequencePoint vc="16" uspid="1503" ordinal="0" offset="0" sl="68" sc="5" el="68" ec="5" bec="0" bev="0" fileid="27" />
                <SequencePoint vc="16" uspid="1504" ordinal="0" offset="1" sl="69" sc="9" el="69" ec="9" bec="0" bev="0" fileid="27" />
                <SequencePoint vc="16" uspid="1505" ordinal="0" offset="19" sl="73" sc="5" el="73" ec="5" bec="0" bev="0" fileid="27" />
              </SequencePoints>
              <BranchPoints />
            </Method>
            <Method visited="true" cyclomaticComplexity="0" nPathComplexity="0" sequenceCoverage="100.0" branchCoverage="0" crapScore="0" isConstructor="false" isStatic="false" isGetter="false" isSetter="false">
              <Summary numSequencePoints="7" visitedSequencePoints="7" numBranchPoints="0" visitedBranchPoints="0" sequenceCoverage="100.0" branchCoverage="0" maxCyclomaticComplexity="0" minCyclomaticComplexity="0" maxCrapScore="0" minCrapScore="0" visitedClasses="0" numClasses="0" visitedMethods="1" numMethods="1" />
              <MetadataToken>100663304</MetadataToken>
              <Name>System.Void BulletSystemIntegrationTests::BulletConfiguration_Constructor_SetsPropertiesCorrectly()</Name>
              <FileRef uid="27" />
              <SequencePoints>
                <SequencePoint vc="1" uspid="1506" ordinal="0" offset="0" sl="78" sc="5" el="78" ec="5" bec="0" bev="0" fileid="27" />
                <SequencePoint vc="1" uspid="1507" ordinal="0" offset="1" sl="79" sc="9" el="79" ec="9" bec="0" bev="0" fileid="27" />
                <SequencePoint vc="1" uspid="1508" ordinal="0" offset="3" sl="80" sc="9" el="80" ec="9" bec="0" bev="0" fileid="27" />
                <SequencePoint vc="1" uspid="1509" ordinal="0" offset="9" sl="81" sc="9" el="81" ec="9" bec="0" bev="0" fileid="27" />
                <SequencePoint vc="1" uspid="1510" ordinal="0" offset="17" sl="82" sc="9" el="82" ec="9" bec="0" bev="0" fileid="27" />
                <SequencePoint vc="1" uspid="1511" ordinal="0" offset="40" sl="83" sc="9" el="83" ec="9" bec="0" bev="0" fileid="27" />
                <SequencePoint vc="1" uspid="1512" ordinal="0" offset="64" sl="84" sc="5" el="84" ec="5" bec="0" bev="0" fileid="27" />
              </SequencePoints>
              <BranchPoints />
            </Method>
            <Method visited="true" cyclomaticComplexity="0" nPathComplexity="0" sequenceCoverage="100.0" branchCoverage="0" crapScore="0" isConstructor="false" isStatic="false" isGetter="false" isSetter="false">
              <Summary numSequencePoints="5" visitedSequencePoints="5" numBranchPoints="0" visitedBranchPoints="0" sequenceCoverage="100.0" branchCoverage="0" maxCyclomaticComplexity="0" minCyclomaticComplexity="0" maxCrapScore="0" minCrapScore="0" visitedClasses="0" numClasses="0" visitedMethods="1" numMethods="1" />
              <MetadataToken>100663305</MetadataToken>
              <Name>System.Void BulletSystemIntegrationTests::StandardBullet_Constructor_SetsPropertiesFromConfig()</Name>
              <FileRef uid="27" />
              <SequencePoints>
                <SequencePoint vc="1" uspid="1513" ordinal="0" offset="0" sl="89" sc="5" el="89" ec="5" bec="0" bev="0" fileid="27" />
                <SequencePoint vc="1" uspid="1514" ordinal="0" offset="1" sl="90" sc="9" el="90" ec="9" bec="0" bev="0" fileid="27" />
                <SequencePoint vc="1" uspid="1515" ordinal="0" offset="13" sl="91" sc="9" el="91" ec="9" bec="0" bev="0" fileid="27" />
                <SequencePoint vc="1" uspid="1516" ordinal="0" offset="46" sl="92" sc="9" el="92" ec="9" bec="0" bev="0" fileid="27" />
                <SequencePoint vc="1" uspid="1517" ordinal="0" offset="80" sl="93" sc="5" el="93" ec="5" bec="0" bev="0" fileid="27" />
              </SequencePoints>
              <BranchPoints />
            </Method>
            <Method visited="true" cyclomaticComplexity="0" nPathComplexity="0" sequenceCoverage="100.0" branchCoverage="0" crapScore="0" isConstructor="false" isStatic="false" isGetter="false" isSetter="false">
              <Summary numSequencePoints="3" visitedSequencePoints="3" numBranchPoints="0" visitedBranchPoints="0" sequenceCoverage="100.0" branchCoverage="0" maxCyclomaticComplexity="0" minCyclomaticComplexity="0" maxCrapScore="0" minCrapScore="0" visitedClasses="0" numClasses="0" visitedMethods="1" numMethods="1" />
              <MetadataToken>100663306</MetadataToken>
              <Name>System.Void BulletSystemIntegrationTests::StandardBullet_Constructor_NullConfig_ThrowsArgumentNullException()</Name>
              <FileRef uid="27" />
              <SequencePoints>
                <SequencePoint vc="1" uspid="1518" ordinal="0" offset="0" sl="97" sc="5" el="97" ec="5" bec="0" bev="0" fileid="27" />
                <SequencePoint vc="1" uspid="1519" ordinal="0" offset="1" sl="98" sc="9" el="98" ec="9" bec="0" bev="0" fileid="27" />
                <SequencePoint vc="1" uspid="1520" ordinal="0" offset="38" sl="99" sc="5" el="99" ec="5" bec="0" bev="0" fileid="27" />
              </SequencePoints>
              <BranchPoints />
            </Method>
            <Method visited="true" cyclomaticComplexity="0" nPathComplexity="0" sequenceCoverage="100.0" branchCoverage="0" crapScore="0" isConstructor="false" isStatic="false" isGetter="false" isSetter="false">
              <Summary numSequencePoints="6" visitedSequencePoints="6" numBranchPoints="0" visitedBranchPoints="0" sequenceCoverage="100.0" branchCoverage="0" maxCyclomaticComplexity="0" minCyclomaticComplexity="0" maxCrapScore="0" minCrapScore="0" visitedClasses="0" numClasses="0" visitedMethods="1" numMethods="1" />
              <MetadataToken>100663307</MetadataToken>
              <Name>System.Void BulletSystemIntegrationTests::StandardBullet_Shoot_SetsDirection()</Name>
              <FileRef uid="27" />
              <SequencePoints>
                <SequencePoint vc="1" uspid="1521" ordinal="0" offset="0" sl="103" sc="5" el="103" ec="5" bec="0" bev="0" fileid="27" />
                <SequencePoint vc="1" uspid="1522" ordinal="0" offset="1" sl="104" sc="9" el="104" ec="9" bec="0" bev="0" fileid="27" />
                <SequencePoint vc="1" uspid="1523" ordinal="0" offset="13" sl="105" sc="9" el="105" ec="9" bec="0" bev="0" fileid="27" />
                <SequencePoint vc="1" uspid="1524" ordinal="0" offset="19" sl="106" sc="9" el="106" ec="9" bec="0" bev="0" fileid="27" />
                <SequencePoint vc="1" uspid="1525" ordinal="0" offset="27" sl="107" sc="9" el="107" ec="9" bec="0" bev="0" fileid="27" />
                <SequencePoint vc="1" uspid="1526" ordinal="0" offset="50" sl="108" sc="5" el="108" ec="5" bec="0" bev="0" fileid="27" />
              </SequencePoints>
              <BranchPoints />
            </Method>
            <Method visited="true" cyclomaticComplexity="0" nPathComplexity="0" sequenceCoverage="100.0" branchCoverage="0" crapScore="0" isConstructor="false" isStatic="false" isGetter="false" isSetter="false">
              <Summary numSequencePoints="8" visitedSequencePoints="8" numBranchPoints="0" visitedBranchPoints="0" sequenceCoverage="100.0" branchCoverage="0" maxCyclomaticComplexity="0" minCyclomaticComplexity="0" maxCrapScore="0" minCrapScore="0" visitedClasses="0" numClasses="0" visitedMethods="1" numMethods="1" />
              <MetadataToken>100663308</MetadataToken>
              <Name>System.Void BulletSystemIntegrationTests::StandardBullet_HasCorrectBulletEffectAttribute()</Name>
              <FileRef uid="27" />
              <SequencePoints>
                <SequencePoint vc="1" uspid="1527" ordinal="0" offset="0" sl="112" sc="5" el="112" ec="5" bec="0" bev="0" fileid="27" />
                <SequencePoint vc="1" uspid="1528" ordinal="0" offset="1" sl="113" sc="9" el="113" ec="9" bec="0" bev="0" fileid="27" />
                <SequencePoint vc="1" uspid="1529" ordinal="0" offset="12" sl="114" sc="9" el="114" ec="9" bec="0" bev="0" fileid="27" />
                <SequencePoint vc="1" uspid="1530" ordinal="0" offset="40" sl="118" sc="9" el="118" ec="9" bec="0" bev="0" fileid="27" />
                <SequencePoint vc="1" uspid="1531" ordinal="0" offset="57" sl="119" sc="9" el="119" ec="9" bec="0" bev="0" fileid="27" />
                <SequencePoint vc="1" uspid="1532" ordinal="0" offset="95" sl="120" sc="9" el="120" ec="9" bec="0" bev="0" fileid="27" />
                <SequencePoint vc="1" uspid="1533" ordinal="0" offset="112" sl="121" sc="9" el="121" ec="9" bec="0" bev="0" fileid="27" />
                <SequencePoint vc="1" uspid="1534" ordinal="0" offset="129" sl="122" sc="5" el="122" ec="5" bec="0" bev="0" fileid="27" />
              </SequencePoints>
              <BranchPoints />
            </Method>
            <Method visited="true" cyclomaticComplexity="0" nPathComplexity="0" sequenceCoverage="100.0" branchCoverage="0" crapScore="0" isConstructor="false" isStatic="false" isGetter="false" isSetter="false">
              <Summary numSequencePoints="3" visitedSequencePoints="3" numBranchPoints="0" visitedBranchPoints="0" sequenceCoverage="100.0" branchCoverage="0" maxCyclomaticComplexity="0" minCyclomaticComplexity="0" maxCrapScore="0" minCrapScore="0" visitedClasses="0" numClasses="0" visitedMethods="1" numMethods="1" />
              <MetadataToken>100663309</MetadataToken>
              <Name>System.Void BulletSystemIntegrationTests::BulletDecorator_Constructor_NullBullet_ThrowsArgumentNullException()</Name>
              <FileRef uid="27" />
              <SequencePoints>
                <SequencePoint vc="1" uspid="1535" ordinal="0" offset="0" sl="128" sc="5" el="128" ec="5" bec="0" bev="0" fileid="27" />
                <SequencePoint vc="1" uspid="1536" ordinal="0" offset="1" sl="129" sc="9" el="129" ec="9" bec="0" bev="0" fileid="27" />
                <SequencePoint vc="1" uspid="1537" ordinal="0" offset="38" sl="130" sc="5" el="130" ec="5" bec="0" bev="0" fileid="27" />
              </SequencePoints>
              <BranchPoints />
            </Method>
            <Method visited="true" cyclomaticComplexity="0" nPathComplexity="0" sequenceCoverage="100.0" branchCoverage="0" crapScore="0" isConstructor="false" isStatic="false" isGetter="false" isSetter="false">
              <Summary numSequencePoints="9" visitedSequencePoints="9" numBranchPoints="0" visitedBranchPoints="0" sequenceCoverage="100.0" branchCoverage="0" maxCyclomaticComplexity="0" minCyclomaticComplexity="0" maxCrapScore="0" minCrapScore="0" visitedClasses="0" numClasses="0" visitedMethods="1" numMethods="1" />
              <MetadataToken>100663310</MetadataToken>
              <Name>System.Void BulletSystemIntegrationTests::DamageDecorator_HasCorrectBulletEffectAttribute()</Name>
              <FileRef uid="27" />
              <SequencePoints>
                <SequencePoint vc="1" uspid="1538" ordinal="0" offset="0" sl="134" sc="5" el="134" ec="5" bec="0" bev="0" fileid="27" />
                <SequencePoint vc="1" uspid="1539" ordinal="0" offset="1" sl="135" sc="9" el="135" ec="9" bec="0" bev="0" fileid="27" />
                <SequencePoint vc="1" uspid="1540" ordinal="0" offset="12" sl="136" sc="9" el="136" ec="9" bec="0" bev="0" fileid="27" />
                <SequencePoint vc="1" uspid="1541" ordinal="0" offset="40" sl="140" sc="9" el="140" ec="9" bec="0" bev="0" fileid="27" />
                <SequencePoint vc="1" uspid="1542" ordinal="0" offset="57" sl="141" sc="9" el="141" ec="9" bec="0" bev="0" fileid="27" />
                <SequencePoint vc="1" uspid="1543" ordinal="0" offset="95" sl="143" sc="9" el="143" ec="9" bec="0" bev="0" fileid="27" />
                <SequencePoint vc="1" uspid="1544" ordinal="0" offset="112" sl="144" sc="9" el="144" ec="9" bec="0" bev="0" fileid="27" />
                <SequencePoint vc="1" uspid="1545" ordinal="0" offset="129" sl="145" sc="9" el="145" ec="9" bec="0" bev="0" fileid="27" />
                <SequencePoint vc="1" uspid="1546" ordinal="0" offset="153" sl="146" sc="5" el="146" ec="5" bec="0" bev="0" fileid="27" />
              </SequencePoints>
              <BranchPoints />
            </Method>
            <Method visited="true" cyclomaticComplexity="0" nPathComplexity="0" sequenceCoverage="100.0" branchCoverage="0" crapScore="0" isConstructor="false" isStatic="false" isGetter="false" isSetter="false">
              <Summary numSequencePoints="11" visitedSequencePoints="11" numBranchPoints="0" visitedBranchPoints="0" sequenceCoverage="100.0" branchCoverage="0" maxCyclomaticComplexity="0" minCyclomaticComplexity="0" maxCrapScore="0" minCrapScore="0" visitedClasses="0" numClasses="0" visitedMethods="1" numMethods="1" />
              <MetadataToken>100663311</MetadataToken>
              <Name>System.Void BulletSystemIntegrationTests::DamageDecorator_ModifiesDamageCorrectly()</Name>
              <FileRef uid="27" />
              <SequencePoints>
                <SequencePoint vc="1" uspid="1547" ordinal="0" offset="0" sl="150" sc="5" el="150" ec="5" bec="0" bev="0" fileid="27" />
                <SequencePoint vc="1" uspid="1548" ordinal="0" offset="1" sl="151" sc="9" el="151" ec="9" bec="0" bev="0" fileid="27" />
                <SequencePoint vc="1" uspid="1549" ordinal="0" offset="13" sl="152" sc="9" el="152" ec="9" bec="0" bev="0" fileid="27" />
                <SequencePoint vc="1" uspid="1550" ordinal="0" offset="15" sl="153" sc="9" el="153" ec="9" bec="0" bev="0" fileid="27" />
                <SequencePoint vc="1" uspid="1551" ordinal="0" offset="23" sl="155" sc="9" el="155" ec="9" bec="0" bev="0" fileid="27" />
                <SequencePoint vc="1" uspid="1552" ordinal="0" offset="58" sl="156" sc="9" el="156" ec="9" bec="0" bev="0" fileid="27" />
                <SequencePoint vc="1" uspid="1553" ordinal="0" offset="87" sl="157" sc="9" el="157" ec="9" bec="0" bev="0" fileid="27" />
                <SequencePoint vc="1" uspid="1554" ordinal="0" offset="99" sl="158" sc="9" el="158" ec="9" bec="0" bev="0" fileid="27" />
                <SequencePoint vc="1" uspid="1555" ordinal="0" offset="111" sl="159" sc="9" el="159" ec="9" bec="0" bev="0" fileid="27" />
                <SequencePoint vc="1" uspid="1556" ordinal="0" offset="138" sl="160" sc="9" el="160" ec="9" bec="0" bev="0" fileid="27" />
                <SequencePoint vc="1" uspid="1557" ordinal="0" offset="165" sl="161" sc="5" el="161" ec="5" bec="0" bev="0" fileid="27" />
              </SequencePoints>
              <BranchPoints />
            </Method>
            <Method visited="true" cyclomaticComplexity="0" nPathComplexity="0" sequenceCoverage="100.0" branchCoverage="0" crapScore="0" isConstructor="false" isStatic="false" isGetter="false" isSetter="false">
              <Summary numSequencePoints="9" visitedSequencePoints="9" numBranchPoints="0" visitedBranchPoints="0" sequenceCoverage="100.0" branchCoverage="0" maxCyclomaticComplexity="0" minCyclomaticComplexity="0" maxCrapScore="0" minCrapScore="0" visitedClasses="0" numClasses="0" visitedMethods="1" numMethods="1" />
              <MetadataToken>100663312</MetadataToken>
              <Name>System.Void BulletSystemIntegrationTests::SpeedDecorator_HasCorrectBulletEffectAttribute()</Name>
              <FileRef uid="27" />
              <SequencePoints>
                <SequencePoint vc="1" uspid="1558" ordinal="0" offset="0" sl="165" sc="5" el="165" ec="5" bec="0" bev="0" fileid="27" />
                <SequencePoint vc="1" uspid="1559" ordinal="0" offset="1" sl="166" sc="9" el="166" ec="9" bec="0" bev="0" fileid="27" />
                <SequencePoint vc="1" uspid="1560" ordinal="0" offset="12" sl="167" sc="9" el="167" ec="9" bec="0" bev="0" fileid="27" />
[...]
                <SequencePoint vc="1" uspid="1591" ordinal="0" offset="49" sl="215" sc="9" el="215" ec="9" bec="0" bev="0" fileid="27" />
                <SequencePoint vc="1" uspid="1592" ordinal="0" offset="80" sl="216" sc="5" el="216" ec="5" bec="0" bev="0" fileid="27" />
              </SequencePoints>
              <BranchPoints />
            </Method>
            <Method visited="true" cyclomaticComplexity="0" nPathComplexity="0" sequenceCoverage="100.0" branchCoverage="0" crapScore="0" isConstructor="false" isStatic="false" isGetter="false" isSetter="false">
              <Summary numSequencePoints="7" visitedSequencePoints="7" numBranchPoints="0" visitedBranchPoints="0" sequenceCoverage="100.0" branchCoverage="0" maxCyclomaticComplexity="0" minCyclomaticComplexity="0" maxCrapScore="0" minCrapScore="0" visitedClasses="0" numClasses="0" visitedMethods="1" numMethods="1" />
              <MetadataToken>100663316</MetadataToken>
              <Name>System.Void BulletSystemIntegrationTests::BulletFactory_CreateFastBullet_ReturnsCorrectTypeAndProperties()</Name>
              <FileRef uid="27" />
              <SequencePoints>
                <SequencePoint vc="1" uspid="1593" ordinal="0" offset="0" sl="220" sc="5" el="220" ec="5" bec="0" bev="0" fileid="27" />
                <SequencePoint vc="1" uspid="1594" ordinal="0" offset="1" sl="221" sc="9" el="221" ec="9" bec="0" bev="0" fileid="27" />
                <SequencePoint vc="1" uspid="1595" ordinal="0" offset="7" sl="222" sc="9" el="222" ec="9" bec="0" bev="0" fileid="27" />
                <SequencePoint vc="1" uspid="1596" ordinal="0" offset="19" sl="224" sc="9" el="224" ec="9" bec="0" bev="0" fileid="27" />
                <SequencePoint vc="1" uspid="1597" ordinal="0" offset="26" sl="225" sc="9" el="225" ec="9" bec="0" bev="0" fileid="27" />
                <SequencePoint vc="1" uspid="1598" ordinal="0" offset="49" sl="226" sc="9" el="226" ec="9" bec="0" bev="0" fileid="27" />
                <SequencePoint vc="1" uspid="1599" ordinal="0" offset="80" sl="227" sc="5" el="227" ec="5" bec="0" bev="0" fileid="27" />
              </SequencePoints>
              <BranchPoints />
            </Method>
            <Method visited="true" cyclomaticComplexity="0" nPathComplexity="0" sequenceCoverage="100.0" branchCoverage="0" crapScore="0" isConstructor="false" isStatic="false" isGetter="false" isSetter="false">
              <Summary numSequencePoints="7" visitedSequencePoints="7" numBranchPoints="0" visitedBranchPoints="0" sequenceCoverage="100.0" branchCoverage="0" maxCyclomaticComplexity="0" minCyclomaticComplexity="0" maxCrapScore="0" minCrapScore="0" visitedClasses="0" numClasses="0" visitedMethods="1" numMethods="1" />
              <MetadataToken>100663317</MetadataToken>
              <Name>System.Void BulletSystemIntegrationTests::BulletFactory_GetConfiguration_CachesConfiguration()</Name>
              <FileRef uid="27" />
              <SequencePoints>
                <SequencePoint vc="1" uspid="1600" ordinal="0" offset="0" sl="231" sc="5" el="231" ec="5" bec="0" bev="0" fileid="27" />
                <SequencePoint vc="1" uspid="1601" ordinal="0" offset="1" sl="232" sc="9" el="232" ec="9" bec="0" bev="0" fileid="27" />
                <SequencePoint vc="1" uspid="1602" ordinal="0" offset="24" sl="237" sc="9" el="237" ec="9" bec="0" bev="0" fileid="27" />
                <SequencePoint vc="1" uspid="1603" ordinal="0" offset="55" sl="239" sc="9" el="239" ec="9" bec="0" bev="0" fileid="27" />
                <SequencePoint vc="1" uspid="1604" ordinal="0" offset="100" sl="242" sc="9" el="242" ec="9" bec="0" bev="0" fileid="27" />
                <SequencePoint vc="1" uspid="1605" ordinal="0" offset="145" sl="245" sc="9" el="245" ec="9" bec="0" bev="0" fileid="27" />
                <SequencePoint vc="1" uspid="1606" ordinal="0" offset="163" sl="246" sc="5" el="246" ec="5" bec="0" bev="0" fileid="27" />
              </SequencePoints>
              <BranchPoints />
            </Method>
            <Method visited="true" cyclomaticComplexity="0" nPathComplexity="0" sequenceCoverage="100.0" branchCoverage="0" crapScore="0" isConstructor="false" isStatic="false" isGetter="false" isSetter="false">
              <Summary numSequencePoints="7" visitedSequencePoints="7" numBranchPoints="0" visitedBranchPoints="0" sequenceCoverage="100.0" branchCoverage="0" maxCyclomaticComplexity="0" minCyclomaticComplexity="0" maxCrapScore="0" minCrapScore="0" visitedClasses="0" numClasses="0" visitedMethods="1" numMethods="1" />
              <MetadataToken>100663318</MetadataToken>
              <Name>System.Void BulletSystemIntegrationTests::BulletFactory_GetConfiguration_NullOrEmptyKey_ThrowsArgumentException()</Name>
              <FileRef uid="27" />
              <SequencePoints>
                <SequencePoint vc="1" uspid="1607" ordinal="0" offset="6" sl="250" sc="5" el="250" ec="5" bec="0" bev="0" fileid="27" />
                <SequencePoint vc="1" uspid="1608" ordinal="0" offset="7" sl="251" sc="9" el="251" ec="9" bec="0" bev="0" fileid="27" />
                <SequencePoint vc="1" uspid="1609" ordinal="0" offset="35" sl="254" sc="9" el="254" ec="9" bec="0" bev="0" fileid="27" />
                <SequencePoint vc="1" uspid="1610" ordinal="0" offset="63" sl="258" sc="9" el="258" ec="9" bec="0" bev="0" fileid="27" />
                <SequencePoint vc="1" uspid="1611" ordinal="0" offset="75" sl="260" sc="9" el="260" ec="9" bec="0" bev="0" fileid="27" />
                <SequencePoint vc="1" uspid="1612" ordinal="0" offset="103" sl="264" sc="9" el="264" ec="9" bec="0" bev="0" fileid="27" />
                <SequencePoint vc="1" uspid="1613" ordinal="0" offset="115" sl="265" sc="5" el="265" ec="5" bec="0" bev="0" fileid="27" />
              </SequencePoints>
              <BranchPoints />
            </Method>
            <Method visited="true" cyclomaticComplexity="0" nPathComplexity="0" sequenceCoverage="100.0" branchCoverage="0" crapScore="0" isConstructor="false" isStatic="false" isGetter="false" isSetter="false">
              <Summary numSequencePoints="9" visitedSequencePoints="9" numBranchPoints="0" visitedBranchPoints="0" sequenceCoverage="100.0" branchCoverage="0" maxCyclomaticComplexity="0" minCyclomaticComplexity="0" maxCrapScore="0" minCrapScore="0" visitedClasses="0" numClasses="0" visitedMethods="1" numMethods="1" />
              <MetadataToken>100663319</MetadataToken>
              <Name>System.Void BulletSystemIntegrationTests::CombinedDecorators_PropertiesAreCorrect()</Name>
              <FileRef uid="27" />
              <SequencePoints>
                <SequencePoint vc="1" uspid="1614" ordinal="0" offset="0" sl="270" sc="5" el="270" ec="5" bec="0" bev="0" fileid="27" />
                <SequencePoint vc="1" uspid="1615" ordinal="0" offset="1" sl="271" sc="9" el="271" ec="9" bec="0" bev="0" fileid="27" />
                <SequencePoint vc="1" uspid="1616" ordinal="0" offset="7" sl="272" sc="9" el="272" ec="9" bec="0" bev="0" fileid="27" />
                <SequencePoint vc="1" uspid="1617" ordinal="0" offset="15" sl="273" sc="9" el="273" ec="9" bec="0" bev="0" fileid="27" />
                <SequencePoint vc="1" uspid="1618" ordinal="0" offset="27" sl="275" sc="9" el="275" ec="9" bec="0" bev="0" fileid="27" />
                <SequencePoint vc="1" uspid="1619" ordinal="0" offset="39" sl="277" sc="9" el="277" ec="9" bec="0" bev="0" fileid="27" />
                <SequencePoint vc="1" uspid="1620" ordinal="0" offset="62" sl="278" sc="9" el="278" ec="9" bec="0" bev="0" fileid="27" />
                <SequencePoint vc="1" uspid="1621" ordinal="0" offset="93" sl="279" sc="9" el="279" ec="9" bec="0" bev="0" fileid="27" />
                <SequencePoint vc="1" uspid="1622" ordinal="0" offset="120" sl="280" sc="5" el="280" ec="5" bec="0" bev="0" fileid="27" />
              </SequencePoints>
              <BranchPoints />
            </Method>
          </Methods>
        </Class>
        <Class>
          <Summary numSequencePoints="3" visitedSequencePoints="3" numBranchPoints="0" visitedBranchPoints="0" sequenceCoverage="100.0" branchCoverage="0.0" maxCyclomaticComplexity="0" minCyclomaticComplexity="0" maxCrapScore="0" minCrapScore="0" visitedClasses="1" numClasses="1" visitedMethods="3" numMethods="3" />
          <FullName>BulletEffectAttributeTests/&lt;&gt;c</FullName>
          <Methods>
            <Method visited="true" cyclomaticComplexity="0" nPathComplexity="0" sequenceCoverage="100.0" branchCoverage="0" crapScore="0" isConstructor="false" isStatic="false" isGetter="false" isSetter="false">
              <Summary numSequencePoints="1" visitedSequencePoints="1" numBranchPoints="0" visitedBranchPoints="0" sequenceCoverage="100.0" branchCoverage="0" maxCyclomaticComplexity="0" minCyclomaticComplexity="0" maxCrapScore="0" minCrapScore="0" visitedClasses="0" numClasses="0" visitedMethods="1" numMethods="1" />
              <MetadataToken>100663325</MetadataToken>
              <Name>System.Void BulletEffectAttributeTests/&lt;&gt;c::&lt;Constructor_WhenDescriptionIsNull_ThrowsArgumentNullException&gt;b__1_0()</Name>
              <FileRef uid="27" />
              <SequencePoints>
                <SequencePoint vc="1" uspid="1623" ordinal="0" offset="0" sl="31" sc="52" el="31" ec="52" bec="0" bev="0" fileid="27" />
              </SequencePoints>
              <BranchPoints />
            </Method>
            <Method visited="true" cyclomaticComplexity="0" nPathComplexity="0" sequenceCoverage="100.0" branchCoverage="0" crapScore="0" isConstructor="false" isStatic="false" isGetter="false" isSetter="false">
              <Summary numSequencePoints="1" visitedSequencePoints="1" numBranchPoints="0" visitedBranchPoints="0" sequenceCoverage="100.0" branchCoverage="0" maxCyclomaticComplexity="0" minCyclomaticComplexity="0" maxCrapScore="0" minCrapScore="0" visitedClasses="0" numClasses="0" visitedMethods="1" numMethods="1" />
              <MetadataToken>100663326</MetadataToken>
              <Name>System.Void BulletEffectAttributeTests/&lt;&gt;c::&lt;Constructor_WhenDescriptionIsEmpty_ThrowsArgumentNullException&gt;b__2_0()</Name>
              <FileRef uid="27" />
              <SequencePoints>
                <SequencePoint vc="1" uspid="1624" ordinal="0" offset="0" sl="37" sc="52" el="37" ec="52" bec="0" bev="0" fileid="27" />
              </SequencePoints>
              <BranchPoints />
            </Method>
            <Method visited="true" cyclomaticComplexity="0" nPathComplexity="0" sequenceCoverage="100.0" branchCoverage="0" crapScore="0" isConstructor="false" isStatic="false" isGetter="false" isSetter="false">
              <Summary numSequencePoints="1" visitedSequencePoints="1" numBranchPoints="0" visitedBranchPoints="0" sequenceCoverage="100.0" branchCoverage="0" maxCyclomaticComplexity="0" minCyclomaticComplexity="0" maxCrapScore="0" minCrapScore="0" visitedClasses="0" numClasses="0" visitedMethods="1" numMethods="1" />
              <MetadataToken>100663327</MetadataToken>
              <Name>System.Void BulletEffectAttributeTests/&lt;&gt;c::&lt;Constructor_WhenDescriptionIsWhitespace_ThrowsArgumentNullException&gt;b__3_0()</Name>
              <FileRef uid="27" />
              <SequencePoints>
                <SequencePoint vc="1" uspid="1625" ordinal="0" offset="0" sl="43" sc="52" el="43" ec="52" bec="0" bev="0" fileid="27" />
              </SequencePoints>
              <BranchPoints />
            </Method>
          </Methods>
        </Class>
        <Class>
          <Summary numSequencePoints="5" visitedSequencePoints="5" numBranchPoints="0" visitedBranchPoints="0" sequenceCoverage="100.0" branchCoverage="0.0" maxCyclomaticComplexity="0" minCyclomaticComplexity="0" maxCrapScore="0" minCrapScore="0" visitedClasses="1" numClasses="1" visitedMethods="5" numMethods="5" />
          <FullName>BulletSystemIntegrationTests/&lt;&gt;c</FullName>
          <Methods>
            <Method visited="true" cyclomaticComplexity="0" nPathComplexity="0" sequenceCoverage="100.0" branchCoverage="0" crapScore="0" isConstructor="false" isStatic="false" isGetter="false" isSetter="false">
              <Summary numSequencePoints="1" visitedSequencePoints="1" numBranchPoints="0" visitedBranchPoints="0" sequenceCoverage="100.0" branchCoverage="0" maxCyclomaticComplexity="0" minCyclomaticComplexity="0" maxCrapScore="0" minCrapScore="0" visitedClasses="0" numClasses="0" visitedMethods="1" numMethods="1" />
              <MetadataToken>100663330</MetadataToken>
              <Name>System.Void BulletSystemIntegrationTests/&lt;&gt;c::&lt;StandardBullet_Constructor_NullConfig_ThrowsArgumentNullException&gt;b__4_0()</Name>
              <FileRef uid="27" />
              <SequencePoints>
                <SequencePoint vc="1" uspid="1626" ordinal="0" offset="0" sl="98" sc="52" el="98" ec="52" bec="0" bev="0" fileid="27" />
              </SequencePoints>
              <BranchPoints />
            </Method>
            <Method visited="true" cyclomaticComplexity="0" nPathComplexity="0" sequenceCoverage="100.0" branchCoverage="0" crapScore="0" isConstructor="false" isStatic="false" isGetter="false" isSetter="false">
              <Summary numSequencePoints="1" visitedSequencePoints="1" numBranchPoints="0" visitedBranchPoints="0" sequenceCoverage="100.0" branchCoverage="0" maxCyclomaticComplexity="0" minCyclomaticComplexity="0" maxCrapScore="0" minCrapScore="0" visitedClasses="0" numClasses="0" visitedMethods="1" numMethods="1" />
              <MetadataToken>100663331</MetadataToken>
              <Name>System.Boolean BulletSystemIntegrationTests/&lt;&gt;c::&lt;StandardBullet_HasCorrectBulletEffectAttribute&gt;b__6_0(BulletEffectAttribute)</Name>
              <FileRef uid="27" />
              <SequencePoints>
                <SequencePoint vc="1" uspid="1627" ordinal="0" offset="0" sl="119" sc="59" el="119" ec="59" bec="0" bev="0" fileid="27" />
              </SequencePoints>
              <BranchPoints />
            </Method>
            <Method visited="true" cyclomaticComplexity="0" nPathComplexity="0" sequenceCoverage="100.0" branchCoverage="0" crapScore="0" isConstructor="false" isStatic="false" isGetter="false" isSetter="false">
              <Summary numSequencePoints="1" visitedSequencePoints="1" numBranchPoints="0" visitedBranchPoints="0" sequenceCoverage="100.0" branchCoverage="0" maxCyclomaticComplexity="0" minCyclomaticComplexity="0" maxCrapScore="0" minCrapScore="0" visitedClasses="0" numClasses="0" visitedMethods="1" numMethods="1" />
              <MetadataToken>100663332</MetadataToken>
              <Name>System.Void BulletSystemIntegrationTests/&lt;&gt;c::&lt;BulletDecorator_Constructor_NullBullet_ThrowsArgumentNullException&gt;b__7_0()</Name>
              <FileRef uid="27" />
              <SequencePoints>
                <SequencePoint vc="1" uspid="1628" ordinal="0" offset="0" sl="129" sc="52" el="129" ec="52" bec="0" bev="0" fileid="27" />
              </SequencePoints>
              <BranchPoints />
            </Method>
            <Method visited="true" cyclomaticComplexity="0" nPathComplexity="0" sequenceCoverage="100.0" branchCoverage="0" crapScore="0" isConstructor="false" isStatic="false" isGetter="false" isSetter="false">
              <Summary numSequencePoints="1" visitedSequencePoints="1" numBranchPoints="0" visitedBranchPoints="0" sequenceCoverage="100.0" branchCoverage="0" maxCyclomaticComplexity="0" minCyclomaticComplexity="0" maxCrapScore="0" minCrapScore="0" visitedClasses="0" numClasses="0" visitedMethods="1" numMethods="1" />
              <MetadataToken>100663333</MetadataToken>
              <Name>System.Boolean BulletSystemIntegrationTests/&lt;&gt;c::&lt;DamageDecorator_HasCorrectBulletEffectAttribute&gt;b__8_0(BulletEffectAttribute)</Name>
              <FileRef uid="27" />
              <SequencePoints>
                <SequencePoint vc="1" uspid="1629" ordinal="0" offset="0" sl="141" sc="59" el="141" ec="59" bec="0" bev="0" fileid="27" />
              </SequencePoints>
              <BranchPoints />
            </Method>
            <Method visited="true" cyclomaticComplexity="0" nPathComplexity="0" sequenceCoverage="100.0" branchCoverage="0" crapScore="0" isConstructor="false" isStatic="false" isGetter="false" isSetter="false">
              <Summary numSequencePoints="1" visitedSequencePoints="1" numBranchPoints="0" visitedBranchPoints="0" sequenceCoverage="100.0" branchCoverage="0" maxCyclomaticComplexity="0" minCyclomaticComplexity="0" maxCrapScore="0" minCrapScore="0" visitedClasses="0" numClasses="0" visitedMethods="1" numMethods="1" />
              <MetadataToken>100663334</MetadataToken>
              <Name>System.Boolean BulletSystemIntegrationTests/&lt;&gt;c::&lt;SpeedDecorator_HasCorrectBulletEffectAttribute&gt;b__10_0(BulletEffectAttribute)</Name>
              <FileRef uid="27" />
              <SequencePoints>
                <SequencePoint vc="1" uspid="1630" ordinal="0" offset="0" sl="172" sc="59" el="172" ec="59" bec="0" bev="0" fileid="27" />
              </SequencePoints>
              <BranchPoints />
            </Method>
          </Methods>
        </Class>
        <Class>
          <Summary numSequencePoints="2" visitedSequencePoints="2" numBranchPoints="0" visitedBranchPoints="0" sequenceCoverage="100.0" branchCoverage="0.0" maxCyclomaticComplexity="0" minCyclomaticComplexity="0" maxCrapScore="0" minCrapScore="0" visitedClasses="1" numClasses="1" visitedMethods="2" numMethods="2" />
          <FullName>BulletSystemIntegrationTests/&lt;&gt;c__DisplayClass16_0</FullName>
          <Methods>
            <Method visited="true" cyclomaticComplexity="0" nPathComplexity="0" sequenceCoverage="100.0" branchCoverage="0" crapScore="0" isConstructor="false" isStatic="false" isGetter="false" isSetter="false">
              <Summary numSequencePoints="1" visitedSequencePoints="1" numBranchPoints="0" visitedBranchPoints="0" sequenceCoverage="100.0" branchCoverage="0" maxCyclomaticComplexity="0" minCyclomaticComplexity="0" maxCrapScore="0" minCrapScore="0" visitedClasses="0" numClasses="0" visitedMethods="1" numMethods="1" />
              <MetadataToken>100663336</MetadataToken>
              <Name>System.Void BulletSystemIntegrationTests/&lt;&gt;c__DisplayClass16_0::&lt;BulletFactory_GetConfiguration_NullOrEmptyKey_ThrowsArgumentException&gt;b__0()</Name>
              <FileRef uid="27" />
              <SequencePoints>
                <SequencePoint vc="1" uspid="1631" ordinal="0" offset="0" sl="255" sc="13" el="255" ec="13" bec="0" bev="0" fileid="27" />
              </SequencePoints>
              <BranchPoints />
            </Method>
            <Method visited="true" cyclomaticComplexity="0" nPathComplexity="0" sequenceCoverage="100.0" branchCoverage="0" crapScore="0" isConstructor="false" isStatic="false" isGetter="false" isSetter="false">
              <Summary numSequencePoints="1" visitedSequencePoints="1" numBranchPoints="0" visitedBranchPoints="0" sequenceCoverage="100.0" branchCoverage="0" maxCyclomaticComplexity="0" minCyclomaticComplexity="0" maxCrapScore="0" minCrapScore="0" visitedClasses="0" numClasses="0" visitedMethods="1" numMethods="1" />
              <MetadataToken>100663337</MetadataToken>
              <Name>System.Void BulletSystemIntegrationTests/&lt;&gt;c__DisplayClass16_0::&lt;BulletFactory_GetConfiguration_NullOrEmptyKey_ThrowsArgumentException&gt;b__1()</Name>
              <FileRef uid="27" />
              <SequencePoints>
                <SequencePoint vc="1" uspid="1632" ordinal="0" offset="0" sl="261" sc="13" el="261" ec="13" bec="0" bev="0" fileid="27" />
              </SequencePoints>
              <BranchPoints />
            </Method>
          </Methods>
        </Class>
      </Classes>
    </Module>
  </Modules>
</CoverageSession>